2013-11-13 11:48:17 Error: [MissingControllerException] Controller class ImagesController could not be found.
Exception Attributes: array (
  'class' => 'ImagesController',
  'plugin' => NULL,
)
Request URL: /images/menu-bulb-on.png
Stack Trace:
#0 E:\FREELANCE\PHP_www\elearning\app\webroot\index.php(110): Dispatcher->dispatch(Object(CakeRequest), Object(CakeResponse))
#1 {main}
2013-11-13 11:48:51 Error: [MissingControllerException] Controller class ImagesController could not be found.
Exception Attributes: array (
  'class' => 'ImagesController',
  'plugin' => NULL,
)
Request URL: /images/menu-bulb-on.png
Stack Trace:
#0 E:\FREELANCE\PHP_www\elearning\app\webroot\index.php(110): Dispatcher->dispatch(Object(CakeRequest), Object(CakeResponse))
#1 {main}
2013-11-13 11:49:19 Error: [MissingControllerException] Controller class ImagesController could not be found.
Exception Attributes: array (
  'class' => 'ImagesController',
  'plugin' => NULL,
)
Request URL: /images/menu-bulb-on.png
Stack Trace:
#0 E:\FREELANCE\PHP_www\elearning\app\webroot\index.php(110): Dispatcher->dispatch(Object(CakeRequest), Object(CakeResponse))
#1 {main}
2013-11-13 11:52:28 Error: [MissingControllerException] Controller class ClientsController could not be found.
Exception Attributes: array (
  'class' => 'ClientsController',
  'plugin' => NULL,
)
Request URL: /admin/clients
Stack Trace:
#0 E:\FREELANCE\PHP_www\elearning\app\webroot\index.php(110): Dispatcher->dispatch(Object(CakeRequest), Object(CakeResponse))
#1 {main}
2013-11-13 11:57:02 Error: [MissingControllerException] Controller class UsuariosController could not be found.
Exception Attributes: array (
  'class' => 'UsuariosController',
  'plugin' => NULL,
)
Request URL: /admin/usuarios
Stack Trace:
#0 E:\FREELANCE\PHP_www\elearning\app\webroot\index.php(110): Dispatcher->dispatch(Object(CakeRequest), Object(CakeResponse))
#1 {main}
2013-11-13 11:59:01 Error: [MissingActionException] Action UsuariosController::admin_index() could not be found.
Exception Attributes: array (
  'controller' => 'UsuariosController',
  'action' => 'admin_index',
)
Request URL: /admin/usuarios
Stack Trace:
#0 E:\FREELANCE\PHP_www\elearning\lib\Cake\Routing\Dispatcher.php(187): Controller->invokeAction(Object(CakeRequest))
#1 E:\FREELANCE\PHP_www\elearning\lib\Cake\Routing\Dispatcher.php(162): Dispatcher->_invoke(Object(UsuariosController), Object(CakeRequest), Object(CakeResponse))
#2 E:\FREELANCE\PHP_www\elearning\app\webroot\index.php(110): Dispatcher->dispatch(Object(CakeRequest), Object(CakeResponse))
#3 {main}
2013-11-13 12:00:22 Error: [MissingViewException] View file "E:\FREELANCE\PHP_www\elearning\app\View\Usuarios\admin_index.ctp" is missing.
Exception Attributes: array (
  'file' => 'E:\\FREELANCE\\PHP_www\\elearning\\app\\View\\Usuarios\\admin_index.ctp',
)
Request URL: /admin/usuarios
Stack Trace:
#0 E:\FREELANCE\PHP_www\elearning\lib\Cake\View\View.php(459): View->_getViewFileName(NULL)
#1 E:\FREELANCE\PHP_www\elearning\lib\Cake\Controller\Controller.php(952): View->render(NULL, NULL)
#2 E:\FREELANCE\PHP_www\elearning\lib\Cake\Routing\Dispatcher.php(194): Controller->render()
#3 E:\FREELANCE\PHP_www\elearning\lib\Cake\Routing\Dispatcher.php(162): Dispatcher->_invoke(Object(UsuariosController), Object(CakeRequest), Object(CakeResponse))
#4 E:\FREELANCE\PHP_www\elearning\app\webroot\index.php(110): Dispatcher->dispatch(Object(CakeRequest), Object(CakeResponse))
#5 {main}
2013-11-13 12:10:07 Error: [MissingControllerException] Controller class JsController could not be found.
Exception Attributes: array (
  'class' => 'JsController',
  'plugin' => NULL,
)
Request URL: /js/event/index.js
Stack Trace:
#0 E:\FREELANCE\PHP_www\elearning\app\webroot\index.php(110): Dispatcher->dispatch(Object(CakeRequest), Object(CakeResponse))
#1 {main}
2013-11-13 12:10:07 Error: [MissingControllerException] Controller class PluginsController could not be found.
Exception Attributes: array (
  'class' => 'PluginsController',
  'plugin' => NULL,
)
Request URL: /plugins/datatables/jquery.dataTables.min.js
Stack Trace:
#0 E:\FREELANCE\PHP_www\elearning\app\webroot\index.php(110): Dispatcher->dispatch(Object(CakeRequest), Object(CakeResponse))
#1 {main}
2013-11-13 12:10:07 Error: [MissingControllerException] Controller class ImagesController could not be found.
Exception Attributes: array (
  'class' => 'ImagesController',
  'plugin' => NULL,
)
Request URL: /images/default-header.png
Stack Trace:
#0 E:\FREELANCE\PHP_www\elearning\app\webroot\index.php(110): Dispatcher->dispatch(Object(CakeRequest), Object(CakeResponse))
#1 {main}
2013-11-13 12:10:07 Error: [MissingControllerException] Controller class ImagesController could not be found.
Exception Attributes: array (
  'class' => 'ImagesController',
  'plugin' => NULL,
)
Request URL: /images/panel-header.png
Stack Trace:
#0 E:\FREELANCE\PHP_www\elearning\app\webroot\index.php(110): Dispatcher->dispatch(Object(CakeRequest), Object(CakeResponse))
#1 {main}
2013-11-13 12:10:07 Error: [MissingControllerException] Controller class ImagesController could not be found.
Exception Attributes: array (
  'class' => 'ImagesController',
  'plugin' => NULL,
)
Request URL: /images/panel-content.png
Stack Trace:
#0 E:\FREELANCE\PHP_www\elearning\app\webroot\index.php(110): Dispatcher->dispatch(Object(CakeRequest), Object(CakeResponse))
#1 {main}
2013-11-13 12:13:19 Error: [MissingControllerException] Controller class PluginsController could not be found.
Exception Attributes: array (
  'class' => 'PluginsController',
  'plugin' => NULL,
)
Request URL: /plugins/datatables/jquery.dataTables.min.js
Stack Trace:
#0 E:\FREELANCE\PHP_www\elearning\app\webroot\index.php(110): Dispatcher->dispatch(Object(CakeRequest), Object(CakeResponse))
#1 {main}
2013-11-13 12:13:19 Error: [MissingControllerException] Controller class JsController could not be found.
Exception Attributes: array (
  'class' => 'JsController',
  'plugin' => NULL,
)
Request URL: /js/event/index.js
Stack Trace:
#0 E:\FREELANCE\PHP_www\elearning\app\webroot\index.php(110): Dispatcher->dispatch(Object(CakeRequest), Object(CakeResponse))
#1 {main}
2013-11-13 12:13:20 Error: [MissingControllerException] Controller class PluginsController could not be found.
Exception Attributes: array (
  'class' => 'PluginsController',
  'plugin' => NULL,
)
Request URL: /plugins/datatables/jquery.dataTables.min.js
Stack Trace:
#0 E:\FREELANCE\PHP_www\elearning\app\webroot\index.php(110): Dispatcher->dispatch(Object(CakeRequest), Object(CakeResponse))
#1 {main}
2013-11-13 12:13:20 Error: [MissingControllerException] Controller class JsController could not be found.
Exception Attributes: array (
  'class' => 'JsController',
  'plugin' => NULL,
)
Request URL: /js/event/index.js
Stack Trace:
#0 E:\FREELANCE\PHP_www\elearning\app\webroot\index.php(110): Dispatcher->dispatch(Object(CakeRequest), Object(CakeResponse))
#1 {main}
2013-11-13 12:13:21 Error: [MissingControllerException] Controller class ImagesController could not be found.
Exception Attributes: array (
  'class' => 'ImagesController',
  'plugin' => NULL,
)
Request URL: /images/default-header.png
Stack Trace:
#0 E:\FREELANCE\PHP_www\elearning\app\webroot\index.php(110): Dispatcher->dispatch(Object(CakeRequest), Object(CakeResponse))
#1 {main}
2013-11-13 12:13:21 Error: [MissingControllerException] Controller class ImagesController could not be found.
Exception Attributes: array (
  'class' => 'ImagesController',
  'plugin' => NULL,
)
Request URL: /images/panel-header.png
Stack Trace:
#0 E:\FREELANCE\PHP_www\elearning\app\webroot\index.php(110): Dispatcher->dispatch(Object(CakeRequest), Object(CakeResponse))
#1 {main}
2013-11-13 12:13:21 Error: [MissingControllerException] Controller class ImagesController could not be found.
Exception Attributes: array (
  'class' => 'ImagesController',
  'plugin' => NULL,
)
Request URL: /images/panel-content.png
Stack Trace:
#0 E:\FREELANCE\PHP_www\elearning\app\webroot\index.php(110): Dispatcher->dispatch(Object(CakeRequest), Object(CakeResponse))
#1 {main}
2013-11-13 12:14:06 Error: [MissingControllerException] Controller class PluginsController could not be found.
Exception Attributes: array (
  'class' => 'PluginsController',
  'plugin' => NULL,
)
Request URL: /plugins/datatables/jquery.dataTables.min.js
Stack Trace:
#0 E:\FREELANCE\PHP_www\elearning\app\webroot\index.php(110): Dispatcher->dispatch(Object(CakeRequest), Object(CakeResponse))
#1 {main}
2013-11-13 12:14:06 Error: [MissingControllerException] Controller class JsController could not be found.
Exception Attributes: array (
  'class' => 'JsController',
  'plugin' => NULL,
)
Request URL: /js/event/index.js
Stack Trace:
#0 E:\FREELANCE\PHP_www\elearning\app\webroot\index.php(110): Dispatcher->dispatch(Object(CakeRequest), Object(CakeResponse))
#1 {main}
2013-11-13 12:14:07 Error: [MissingControllerException] Controller class PluginsController could not be found.
Exception Attributes: array (
  'class' => 'PluginsController',
  'plugin' => NULL,
)
Request URL: /plugins/datatables/jquery.dataTables.min.js
Stack Trace:
#0 E:\FREELANCE\PHP_www\elearning\app\webroot\index.php(110): Dispatcher->dispatch(Object(CakeRequest), Object(CakeResponse))
#1 {main}
2013-11-13 12:14:07 Error: [MissingControllerException] Controller class JsController could not be found.
Exception Attributes: array (
  'class' => 'JsController',
  'plugin' => NULL,
)
Request URL: /js/event/index.js
Stack Trace:
#0 E:\FREELANCE\PHP_www\elearning\app\webroot\index.php(110): Dispatcher->dispatch(Object(CakeRequest), Object(CakeResponse))
#1 {main}
2013-11-13 12:14:09 Error: [MissingControllerException] Controller class ImagesController could not be found.
Exception Attributes: array (
  'class' => 'ImagesController',
  'plugin' => NULL,
)
Request URL: /images/panel-header.png
Stack Trace:
#0 E:\FREELANCE\PHP_www\elearning\app\webroot\index.php(110): Dispatcher->dispatch(Object(CakeRequest), Object(CakeResponse))
#1 {main}
2013-11-13 12:14:09 Error: [MissingControllerException] Controller class ImagesController could not be found.
Exception Attributes: array (
  'class' => 'ImagesController',
  'plugin' => NULL,
)
Request URL: /images/default-header.png
Stack Trace:
#0 E:\FREELANCE\PHP_www\elearning\app\webroot\index.php(110): Dispatcher->dispatch(Object(CakeRequest), Object(CakeResponse))
#1 {main}
2013-11-13 12:14:09 Error: [MissingControllerException] Controller class ImagesController could not be found.
Exception Attributes: array (
  'class' => 'ImagesController',
  'plugin' => NULL,
)
Request URL: /images/panel-content.png
Stack Trace:
#0 E:\FREELANCE\PHP_www\elearning\app\webroot\index.php(110): Dispatcher->dispatch(Object(CakeRequest), Object(CakeResponse))
#1 {main}
2013-11-13 12:14:59 Error: [MissingControllerException] Controller class JsController could not be found.
Exception Attributes: array (
  'class' => 'JsController',
  'plugin' => NULL,
)
Request URL: /js/event/index.js
Stack Trace:
#0 E:\FREELANCE\PHP_www\elearning\app\webroot\index.php(110): Dispatcher->dispatch(Object(CakeRequest), Object(CakeResponse))
#1 {main}
2013-11-13 12:15:00 Error: [MissingControllerException] Controller class JsController could not be found.
Exception Attributes: array (
  'class' => 'JsController',
  'plugin' => NULL,
)
Request URL: /js/event/index.js
Stack Trace:
#0 E:\FREELANCE\PHP_www\elearning\app\webroot\index.php(110): Dispatcher->dispatch(Object(CakeRequest), Object(CakeResponse))
#1 {main}
2013-11-13 12:15:01 Error: [MissingControllerException] Controller class ImagesController could not be found.
Exception Attributes: array (
  'class' => 'ImagesController',
  'plugin' => NULL,
)
Request URL: /images/panel-header.png
Stack Trace:
#0 E:\FREELANCE\PHP_www\elearning\app\webroot\index.php(110): Dispatcher->dispatch(Object(CakeRequest), Object(CakeResponse))
#1 {main}
2013-11-13 12:15:02 Error: [MissingControllerException] Controller class ImagesController could not be found.
Exception Attributes: array (
  'class' => 'ImagesController',
  'plugin' => NULL,
)
Request URL: /images/panel-content.png
Stack Trace:
#0 E:\FREELANCE\PHP_www\elearning\app\webroot\index.php(110): Dispatcher->dispatch(Object(CakeRequest), Object(CakeResponse))
#1 {main}
2013-11-13 12:15:02 Error: [MissingControllerException] Controller class ImagesController could not be found.
Exception Attributes: array (
  'class' => 'ImagesController',
  'plugin' => NULL,
)
Request URL: /images/default-header.png
Stack Trace:
#0 E:\FREELANCE\PHP_www\elearning\app\webroot\index.php(110): Dispatcher->dispatch(Object(CakeRequest), Object(CakeResponse))
#1 {main}
2013-11-13 12:16:04 Error: [MissingControllerException] Controller class ImagesController could not be found.
Exception Attributes: array (
  'class' => 'ImagesController',
  'plugin' => NULL,
)
Request URL: /images/panel-content.png
Stack Trace:
#0 E:\FREELANCE\PHP_www\elearning\app\webroot\index.php(110): Dispatcher->dispatch(Object(CakeRequest), Object(CakeResponse))
#1 {main}
2013-11-13 12:16:04 Error: [MissingControllerException] Controller class ImagesController could not be found.
Exception Attributes: array (
  'class' => 'ImagesController',
  'plugin' => NULL,
)
Request URL: /images/panel-header.png
Stack Trace:
#0 E:\FREELANCE\PHP_www\elearning\app\webroot\index.php(110): Dispatcher->dispatch(Object(CakeRequest), Object(CakeResponse))
#1 {main}
2013-11-13 12:16:04 Error: [MissingControllerException] Controller class ImagesController could not be found.
Exception Attributes: array (
  'class' => 'ImagesController',
  'plugin' => NULL,
)
Request URL: /images/default-header.png
Stack Trace:
#0 E:\FREELANCE\PHP_www\elearning\app\webroot\index.php(110): Dispatcher->dispatch(Object(CakeRequest), Object(CakeResponse))
#1 {main}
2013-11-13 12:23:58 Error: [MissingControllerException] Controller class JsController could not be found.
Exception Attributes: array (
  'class' => 'JsController',
  'plugin' => NULL,
)
Request URL: /js/event/index.js
Stack Trace:
#0 E:\FREELANCE\PHP_www\elearning\app\webroot\index.php(110): Dispatcher->dispatch(Object(CakeRequest), Object(CakeResponse))
#1 {main}
2013-11-13 12:23:59 Error: [MissingControllerException] Controller class JsController could not be found.
Exception Attributes: array (
  'class' => 'JsController',
  'plugin' => NULL,
)
Request URL: /js/event/index.js
Stack Trace:
#0 E:\FREELANCE\PHP_www\elearning\app\webroot\index.php(110): Dispatcher->dispatch(Object(CakeRequest), Object(CakeResponse))
#1 {main}
2013-11-13 12:24:01 Error: [MissingControllerException] Controller class ImagesController could not be found.
Exception Attributes: array (
  'class' => 'ImagesController',
  'plugin' => NULL,
)
Request URL: /images/panel-header.png
Stack Trace:
#0 E:\FREELANCE\PHP_www\elearning\app\webroot\index.php(110): Dispatcher->dispatch(Object(CakeRequest), Object(CakeResponse))
#1 {main}
2013-11-13 12:24:01 Error: [MissingControllerException] Controller class ImagesController could not be found.
Exception Attributes: array (
  'class' => 'ImagesController',
  'plugin' => NULL,
)
Request URL: /images/default-header.png
Stack Trace:
#0 E:\FREELANCE\PHP_www\elearning\app\webroot\index.php(110): Dispatcher->dispatch(Object(CakeRequest), Object(CakeResponse))
#1 {main}
2013-11-13 12:24:01 Error: [MissingControllerException] Controller class ImagesController could not be found.
Exception Attributes: array (
  'class' => 'ImagesController',
  'plugin' => NULL,
)
Request URL: /images/panel-content.png
Stack Trace:
#0 E:\FREELANCE\PHP_www\elearning\app\webroot\index.php(110): Dispatcher->dispatch(Object(CakeRequest), Object(CakeResponse))
#1 {main}
2013-11-13 12:34:43 Error: [MissingControllerException] Controller class JsController could not be found.
Exception Attributes: array (
  'class' => 'JsController',
  'plugin' => NULL,
)
Request URL: /js/event/index.js
Stack Trace:
#0 E:\FREELANCE\PHP_www\elearning\app\webroot\index.php(110): Dispatcher->dispatch(Object(CakeRequest), Object(CakeResponse))
#1 {main}
2013-11-13 12:34:44 Error: [MissingControllerException] Controller class JsController could not be found.
Exception Attributes: array (
  'class' => 'JsController',
  'plugin' => NULL,
)
Request URL: /js/event/index.js
Stack Trace:
#0 E:\FREELANCE\PHP_www\elearning\app\webroot\index.php(110): Dispatcher->dispatch(Object(CakeRequest), Object(CakeResponse))
#1 {main}
2013-11-13 12:34:45 Error: [MissingControllerException] Controller class ImagesController could not be found.
Exception Attributes: array (
  'class' => 'ImagesController',
  'plugin' => NULL,
)
Request URL: /images/default-header.png
Stack Trace:
#0 E:\FREELANCE\PHP_www\elearning\app\webroot\index.php(110): Dispatcher->dispatch(Object(CakeRequest), Object(CakeResponse))
#1 {main}
2013-11-13 12:34:45 Error: [MissingControllerException] Controller class ImagesController could not be found.
Exception Attributes: array (
  'class' => 'ImagesController',
  'plugin' => NULL,
)
Request URL: /images/panel-header.png
Stack Trace:
#0 E:\FREELANCE\PHP_www\elearning\app\webroot\index.php(110): Dispatcher->dispatch(Object(CakeRequest), Object(CakeResponse))
#1 {main}
2013-11-13 12:34:45 Error: [MissingControllerException] Controller class ImagesController could not be found.
Exception Attributes: array (
  'class' => 'ImagesController',
  'plugin' => NULL,
)
Request URL: /images/panel-content.png
Stack Trace:
#0 E:\FREELANCE\PHP_www\elearning\app\webroot\index.php(110): Dispatcher->dispatch(Object(CakeRequest), Object(CakeResponse))
#1 {main}
2013-11-13 12:37:04 Error: [MissingControllerException] Controller class JsController could not be found.
Exception Attributes: array (
  'class' => 'JsController',
  'plugin' => NULL,
)
Request URL: /js/event/index.js
Stack Trace:
#0 E:\FREELANCE\PHP_www\elearning\app\webroot\index.php(110): Dispatcher->dispatch(Object(CakeRequest), Object(CakeResponse))
#1 {main}
2013-11-13 12:37:05 Error: [MissingControllerException] Controller class JsController could not be found.
Exception Attributes: array (
  'class' => 'JsController',
  'plugin' => NULL,
)
Request URL: /js/event/index.js
Stack Trace:
#0 E:\FREELANCE\PHP_www\elearning\app\webroot\index.php(110): Dispatcher->dispatch(Object(CakeRequest), Object(CakeResponse))
#1 {main}
2013-11-13 12:37:06 Error: [MissingControllerException] Controller class ImagesController could not be found.
Exception Attributes: array (
  'class' => 'ImagesController',
  'plugin' => NULL,
)
Request URL: /images/panel-content.png
Stack Trace:
#0 E:\FREELANCE\PHP_www\elearning\app\webroot\index.php(110): Dispatcher->dispatch(Object(CakeRequest), Object(CakeResponse))
#1 {main}
2013-11-13 12:37:06 Error: [MissingControllerException] Controller class ImagesController could not be found.
Exception Attributes: array (
  'class' => 'ImagesController',
  'plugin' => NULL,
)
Request URL: /images/panel-header.png
Stack Trace:
#0 E:\FREELANCE\PHP_www\elearning\app\webroot\index.php(110): Dispatcher->dispatch(Object(CakeRequest), Object(CakeResponse))
#1 {main}
2013-11-13 12:37:06 Error: [MissingControllerException] Controller class ImagesController could not be found.
Exception Attributes: array (
  'class' => 'ImagesController',
  'plugin' => NULL,
)
Request URL: /images/default-header.png
Stack Trace:
#0 E:\FREELANCE\PHP_www\elearning\app\webroot\index.php(110): Dispatcher->dispatch(Object(CakeRequest), Object(CakeResponse))
#1 {main}
2013-11-13 12:37:28 Error: [MissingControllerException] Controller class ImagesController could not be found.
Exception Attributes: array (
  'class' => 'ImagesController',
  'plugin' => NULL,
)
Request URL: /images/panel-content.png
Stack Trace:
#0 E:\FREELANCE\PHP_www\elearning\app\webroot\index.php(110): Dispatcher->dispatch(Object(CakeRequest), Object(CakeResponse))
#1 {main}
2013-11-13 12:37:28 Error: [MissingControllerException] Controller class ImagesController could not be found.
Exception Attributes: array (
  'class' => 'ImagesController',
  'plugin' => NULL,
)
Request URL: /images/panel-header.png
Stack Trace:
#0 E:\FREELANCE\PHP_www\elearning\app\webroot\index.php(110): Dispatcher->dispatch(Object(CakeRequest), Object(CakeResponse))
#1 {main}
2013-11-13 12:37:28 Error: [MissingControllerException] Controller class ImagesController could not be found.
Exception Attributes: array (
  'class' => 'ImagesController',
  'plugin' => NULL,
)
Request URL: /images/default-header.png
Stack Trace:
#0 E:\FREELANCE\PHP_www\elearning\app\webroot\index.php(110): Dispatcher->dispatch(Object(CakeRequest), Object(CakeResponse))
#1 {main}
2013-11-13 12:37:28 Error: [MissingControllerException] Controller class ImagesController could not be found.
Exception Attributes: array (
  'class' => 'ImagesController',
  'plugin' => NULL,
)
Request URL: /images/sort_desc.png
Stack Trace:
#0 E:\FREELANCE\PHP_www\elearning\app\webroot\index.php(110): Dispatcher->dispatch(Object(CakeRequest), Object(CakeResponse))
#1 {main}
2013-11-13 12:37:29 Error: [MissingControllerException] Controller class ImagesController could not be found.
Exception Attributes: array (
  'class' => 'ImagesController',
  'plugin' => NULL,
)
Request URL: /images/sort.png
Stack Trace:
#0 E:\FREELANCE\PHP_www\elearning\app\webroot\index.php(110): Dispatcher->dispatch(Object(CakeRequest), Object(CakeResponse))
#1 {main}
2013-11-13 12:38:00 Error: [MissingControllerException] Controller class ImagesController could not be found.
Exception Attributes: array (
  'class' => 'ImagesController',
  'plugin' => NULL,
)
Request URL: /images/panel-content.png
Stack Trace:
#0 E:\FREELANCE\PHP_www\elearning\app\webroot\index.php(110): Dispatcher->dispatch(Object(CakeRequest), Object(CakeResponse))
#1 {main}
2013-11-13 12:38:00 Error: [MissingControllerException] Controller class ImagesController could not be found.
Exception Attributes: array (
  'class' => 'ImagesController',
  'plugin' => NULL,
)
Request URL: /images/panel-header.png
Stack Trace:
#0 E:\FREELANCE\PHP_www\elearning\app\webroot\index.php(110): Dispatcher->dispatch(Object(CakeRequest), Object(CakeResponse))
#1 {main}
2013-11-13 12:38:00 Error: [MissingControllerException] Controller class ImagesController could not be found.
Exception Attributes: array (
  'class' => 'ImagesController',
  'plugin' => NULL,
)
Request URL: /images/default-header.png
Stack Trace:
#0 E:\FREELANCE\PHP_www\elearning\app\webroot\index.php(110): Dispatcher->dispatch(Object(CakeRequest), Object(CakeResponse))
#1 {main}
2013-11-13 12:38:00 Error: [MissingControllerException] Controller class ImagesController could not be found.
Exception Attributes: array (
  'class' => 'ImagesController',
  'plugin' => NULL,
)
Request URL: /images/sort.png
Stack Trace:
#0 E:\FREELANCE\PHP_www\elearning\app\webroot\index.php(110): Dispatcher->dispatch(Object(CakeRequest), Object(CakeResponse))
#1 {main}
2013-11-13 12:38:00 Error: [MissingControllerException] Controller class ImagesController could not be found.
Exception Attributes: array (
  'class' => 'ImagesController',
  'plugin' => NULL,
)
Request URL: /images/sort_desc.png
Stack Trace:
#0 E:\FREELANCE\PHP_www\elearning\app\webroot\index.php(110): Dispatcher->dispatch(Object(CakeRequest), Object(CakeResponse))
#1 {main}
2013-11-13 12:42:33 Error: [MissingActionException] Action UsuariosController::admin_add() could not be found.
Exception Attributes: array (
  'controller' => 'UsuariosController',
  'action' => 'admin_add',
)
Request URL: /admin/usuarios/add
Stack Trace:
#0 E:\FREELANCE\PHP_www\elearning\lib\Cake\Routing\Dispatcher.php(187): Controller->invokeAction(Object(CakeRequest))
#1 E:\FREELANCE\PHP_www\elearning\lib\Cake\Routing\Dispatcher.php(162): Dispatcher->_invoke(Object(UsuariosController), Object(CakeRequest), Object(CakeResponse))
#2 E:\FREELANCE\PHP_www\elearning\app\webroot\index.php(110): Dispatcher->dispatch(Object(CakeRequest), Object(CakeResponse))
#3 {main}
2013-11-13 12:44:37 Error: [MissingViewException] View file "E:\FREELANCE\PHP_www\elearning\app\View\Usuarios\admin_add.ctp" is missing.
Exception Attributes: array (
  'file' => 'E:\\FREELANCE\\PHP_www\\elearning\\app\\View\\Usuarios\\admin_add.ctp',
)
Request URL: /admin/usuarios/add
Stack Trace:
#0 E:\FREELANCE\PHP_www\elearning\lib\Cake\View\View.php(459): View->_getViewFileName(NULL)
#1 E:\FREELANCE\PHP_www\elearning\lib\Cake\Controller\Controller.php(952): View->render(NULL, NULL)
#2 E:\FREELANCE\PHP_www\elearning\lib\Cake\Routing\Dispatcher.php(194): Controller->render()
#3 E:\FREELANCE\PHP_www\elearning\lib\Cake\Routing\Dispatcher.php(162): Dispatcher->_invoke(Object(UsuariosController), Object(CakeRequest), Object(CakeResponse))
#4 E:\FREELANCE\PHP_www\elearning\app\webroot\index.php(110): Dispatcher->dispatch(Object(CakeRequest), Object(CakeResponse))
#5 {main}
2013-11-13 12:48:05 Error: [MissingControllerException] Controller class CssController could not be found.
Exception Attributes: array (
  'class' => 'CssController',
  'plugin' => NULL,
)
Request URL: /css/soyfinisher.css
Stack Trace:
#0 E:\FREELANCE\PHP_www\elearning\app\webroot\index.php(110): Dispatcher->dispatch(Object(CakeRequest), Object(CakeResponse))
#1 {main}
2013-11-13 12:48:05 Error: [MissingControllerException] Controller class JuiController could not be found.
Exception Attributes: array (
  'class' => 'JuiController',
  'plugin' => NULL,
)
Request URL: /jui/css/jquery.ui.all.css
Stack Trace:
#0 E:\FREELANCE\PHP_www\elearning\app\webroot\index.php(110): Dispatcher->dispatch(Object(CakeRequest), Object(CakeResponse))
#1 {main}
2013-11-13 12:48:05 Error: [MissingControllerException] Controller class JsController could not be found.
Exception Attributes: array (
  'class' => 'JsController',
  'plugin' => NULL,
)
Request URL: /js/event/add.js
Stack Trace:
#0 E:\FREELANCE\PHP_www\elearning\app\webroot\index.php(110): Dispatcher->dispatch(Object(CakeRequest), Object(CakeResponse))
#1 {main}
2013-11-13 12:48:05 Error: [MissingControllerException] Controller class JuiController could not be found.
Exception Attributes: array (
  'class' => 'JuiController',
  'plugin' => NULL,
)
Request URL: /jui/js/jquery.ui.timepicker.min.js
Stack Trace:
#0 E:\FREELANCE\PHP_www\elearning\app\webroot\index.php(110): Dispatcher->dispatch(Object(CakeRequest), Object(CakeResponse))
#1 {main}
2013-11-13 12:48:06 Error: [MissingControllerException] Controller class JsController could not be found.
Exception Attributes: array (
  'class' => 'JsController',
  'plugin' => NULL,
)
Request URL: /js/vendor/jquery.validate.js
Stack Trace:
#0 E:\FREELANCE\PHP_www\elearning\app\webroot\index.php(110): Dispatcher->dispatch(Object(CakeRequest), Object(CakeResponse))
#1 {main}
2013-11-13 12:48:06 Error: [MissingControllerException] Controller class ImgController could not be found.
Exception Attributes: array (
  'class' => 'ImgController',
  'plugin' => NULL,
)
Request URL: /img/noImage.jpg
Stack Trace:
#0 E:\FREELANCE\PHP_www\elearning\app\webroot\index.php(110): Dispatcher->dispatch(Object(CakeRequest), Object(CakeResponse))
#1 {main}
2013-11-13 12:48:06 Error: [MissingControllerException] Controller class JuiController could not be found.
Exception Attributes: array (
  'class' => 'JuiController',
  'plugin' => NULL,
)
Request URL: /jui/js/jquery-ui-1.8.20.min.js
Stack Trace:
#0 E:\FREELANCE\PHP_www\elearning\app\webroot\index.php(110): Dispatcher->dispatch(Object(CakeRequest), Object(CakeResponse))
#1 {main}
2013-11-13 12:48:06 Error: [MissingControllerException] Controller class JsController could not be found.
Exception Attributes: array (
  'class' => 'JsController',
  'plugin' => NULL,
)
Request URL: /js/vendor/bootstrap-fileupload.min.js
Stack Trace:
#0 E:\FREELANCE\PHP_www\elearning\app\webroot\index.php(110): Dispatcher->dispatch(Object(CakeRequest), Object(CakeResponse))
#1 {main}
2013-11-13 12:48:06 Error: [MissingControllerException] Controller class JuiController could not be found.
Exception Attributes: array (
  'class' => 'JuiController',
  'plugin' => NULL,
)
Request URL: /jui/js/jquery-ui-1.8.20.min.js
Stack Trace:
#0 E:\FREELANCE\PHP_www\elearning\app\webroot\index.php(110): Dispatcher->dispatch(Object(CakeRequest), Object(CakeResponse))
#1 {main}
2013-11-13 12:48:07 Error: [MissingControllerException] Controller class JuiController could not be found.
Exception Attributes: array (
  'class' => 'JuiController',
  'plugin' => NULL,
)
Request URL: /jui/js/jquery.ui.timepicker.min.js
Stack Trace:
#0 E:\FREELANCE\PHP_www\elearning\app\webroot\index.php(110): Dispatcher->dispatch(Object(CakeRequest), Object(CakeResponse))
#1 {main}
2013-11-13 12:48:07 Error: [MissingControllerException] Controller class JuiController could not be found.
Exception Attributes: array (
  'class' => 'JuiController',
  'plugin' => NULL,
)
Request URL: /jui/css/jquery.ui.all.css
Stack Trace:
#0 E:\FREELANCE\PHP_www\elearning\app\webroot\index.php(110): Dispatcher->dispatch(Object(CakeRequest), Object(CakeResponse))
#1 {main}
2013-11-13 12:48:07 Error: [MissingControllerException] Controller class JsController could not be found.
Exception Attributes: array (
  'class' => 'JsController',
  'plugin' => NULL,
)
Request URL: /js/event/add.js
Stack Trace:
#0 E:\FREELANCE\PHP_www\elearning\app\webroot\index.php(110): Dispatcher->dispatch(Object(CakeRequest), Object(CakeResponse))
#1 {main}
2013-11-13 12:48:08 Error: [MissingControllerException] Controller class JsController could not be found.
Exception Attributes: array (
  'class' => 'JsController',
  'plugin' => NULL,
)
Request URL: /js/vendor/bootstrap-fileupload.min.js
Stack Trace:
#0 E:\FREELANCE\PHP_www\elearning\app\webroot\index.php(110): Dispatcher->dispatch(Object(CakeRequest), Object(CakeResponse))
#1 {main}
2013-11-13 12:48:08 Error: [MissingControllerException] Controller class CssController could not be found.
Exception Attributes: array (
  'class' => 'CssController',
  'plugin' => NULL,
)
Request URL: /css/soyfinisher.css
Stack Trace:
#0 E:\FREELANCE\PHP_www\elearning\app\webroot\index.php(110): Dispatcher->dispatch(Object(CakeRequest), Object(CakeResponse))
#1 {main}
2013-11-13 12:48:08 Error: [MissingControllerException] Controller class JsController could not be found.
Exception Attributes: array (
  'class' => 'JsController',
  'plugin' => NULL,
)
Request URL: /js/vendor/jquery.validate.js
Stack Trace:
#0 E:\FREELANCE\PHP_www\elearning\app\webroot\index.php(110): Dispatcher->dispatch(Object(CakeRequest), Object(CakeResponse))
#1 {main}
2013-11-13 12:48:09 Error: [MissingControllerException] Controller class ImgController could not be found.
Exception Attributes: array (
  'class' => 'ImgController',
  'plugin' => NULL,
)
Request URL: /img/noImage.jpg
Stack Trace:
#0 E:\FREELANCE\PHP_www\elearning\app\webroot\index.php(110): Dispatcher->dispatch(Object(CakeRequest), Object(CakeResponse))
#1 {main}
2013-11-13 12:50:09 Error: [MissingControllerException] Controller class JuiController could not be found.
Exception Attributes: array (
  'class' => 'JuiController',
  'plugin' => NULL,
)
Request URL: /jui/css/jquery.ui.all.css
Stack Trace:
#0 E:\FREELANCE\PHP_www\elearning\app\webroot\index.php(110): Dispatcher->dispatch(Object(CakeRequest), Object(CakeResponse))
#1 {main}
2013-11-13 12:50:10 Error: [MissingControllerException] Controller class JsController could not be found.
Exception Attributes: array (
  'class' => 'JsController',
  'plugin' => NULL,
)
Request URL: /js/organizer/loadState.js
Stack Trace:
#0 E:\FREELANCE\PHP_www\elearning\app\webroot\index.php(110): Dispatcher->dispatch(Object(CakeRequest), Object(CakeResponse))
#1 {main}
2013-11-13 12:50:10 Error: [MissingControllerException] Controller class JsController could not be found.
Exception Attributes: array (
  'class' => 'JsController',
  'plugin' => NULL,
)
Request URL: /js/organizer/add.js
Stack Trace:
#0 E:\FREELANCE\PHP_www\elearning\app\webroot\index.php(110): Dispatcher->dispatch(Object(CakeRequest), Object(CakeResponse))
#1 {main}
2013-11-13 12:50:10 Error: [MissingControllerException] Controller class JuiController could not be found.
Exception Attributes: array (
  'class' => 'JuiController',
  'plugin' => NULL,
)
Request URL: /jui/js/jquery.ui.timepicker.min.js
Stack Trace:
#0 E:\FREELANCE\PHP_www\elearning\app\webroot\index.php(110): Dispatcher->dispatch(Object(CakeRequest), Object(CakeResponse))
#1 {main}
2013-11-13 12:50:10 Error: [MissingControllerException] Controller class JuiController could not be found.
Exception Attributes: array (
  'class' => 'JuiController',
  'plugin' => NULL,
)
Request URL: /jui/js/jquery-ui-1.8.20.min.js
Stack Trace:
#0 E:\FREELANCE\PHP_www\elearning\app\webroot\index.php(110): Dispatcher->dispatch(Object(CakeRequest), Object(CakeResponse))
#1 {main}
2013-11-13 12:50:11 Error: [MissingControllerException] Controller class JuiController could not be found.
Exception Attributes: array (
  'class' => 'JuiController',
  'plugin' => NULL,
)
Request URL: /jui/js/jquery.ui.timepicker.min.js
Stack Trace:
#0 E:\FREELANCE\PHP_www\elearning\app\webroot\index.php(110): Dispatcher->dispatch(Object(CakeRequest), Object(CakeResponse))
#1 {main}
2013-11-13 12:50:11 Error: [MissingControllerException] Controller class JuiController could not be found.
Exception Attributes: array (
  'class' => 'JuiController',
  'plugin' => NULL,
)
Request URL: /jui/css/jquery.ui.all.css
Stack Trace:
#0 E:\FREELANCE\PHP_www\elearning\app\webroot\index.php(110): Dispatcher->dispatch(Object(CakeRequest), Object(CakeResponse))
#1 {main}
2013-11-13 12:50:11 Error: [MissingControllerException] Controller class JsController could not be found.
Exception Attributes: array (
  'class' => 'JsController',
  'plugin' => NULL,
)
Request URL: /js/organizer/add.js
Stack Trace:
#0 E:\FREELANCE\PHP_www\elearning\app\webroot\index.php(110): Dispatcher->dispatch(Object(CakeRequest), Object(CakeResponse))
#1 {main}
2013-11-13 12:50:12 Error: [MissingControllerException] Controller class JsController could not be found.
Exception Attributes: array (
  'class' => 'JsController',
  'plugin' => NULL,
)
Request URL: /js/organizer/loadState.js
Stack Trace:
#0 E:\FREELANCE\PHP_www\elearning\app\webroot\index.php(110): Dispatcher->dispatch(Object(CakeRequest), Object(CakeResponse))
#1 {main}
2013-11-13 12:50:46 Error: [MissingControllerException] Controller class JuiController could not be found.
Exception Attributes: array (
  'class' => 'JuiController',
  'plugin' => NULL,
)
Request URL: /jui/css/jquery.ui.all.css
Stack Trace:
#0 E:\FREELANCE\PHP_www\elearning\app\webroot\index.php(110): Dispatcher->dispatch(Object(CakeRequest), Object(CakeResponse))
#1 {main}
2013-11-13 12:50:47 Error: [MissingControllerException] Controller class JuiController could not be found.
Exception Attributes: array (
  'class' => 'JuiController',
  'plugin' => NULL,
)
Request URL: /jui/js/jquery-ui-1.8.20.min.js
Stack Trace:
#0 E:\FREELANCE\PHP_www\elearning\app\webroot\index.php(110): Dispatcher->dispatch(Object(CakeRequest), Object(CakeResponse))
#1 {main}
2013-11-13 12:50:47 Error: [MissingControllerException] Controller class JsController could not be found.
Exception Attributes: array (
  'class' => 'JsController',
  'plugin' => NULL,
)
Request URL: /js/organizer/loadState.js
Stack Trace:
#0 E:\FREELANCE\PHP_www\elearning\app\webroot\index.php(110): Dispatcher->dispatch(Object(CakeRequest), Object(CakeResponse))
#1 {main}
2013-11-13 12:50:47 Error: [MissingControllerException] Controller class JuiController could not be found.
Exception Attributes: array (
  'class' => 'JuiController',
  'plugin' => NULL,
)
Request URL: /jui/js/jquery.ui.timepicker.min.js
Stack Trace:
#0 E:\FREELANCE\PHP_www\elearning\app\webroot\index.php(110): Dispatcher->dispatch(Object(CakeRequest), Object(CakeResponse))
#1 {main}
2013-11-13 12:50:47 Error: [MissingControllerException] Controller class JsController could not be found.
Exception Attributes: array (
  'class' => 'JsController',
  'plugin' => NULL,
)
Request URL: /js/organizer/add.js
Stack Trace:
#0 E:\FREELANCE\PHP_www\elearning\app\webroot\index.php(110): Dispatcher->dispatch(Object(CakeRequest), Object(CakeResponse))
#1 {main}
2013-11-13 12:50:48 Error: [MissingControllerException] Controller class JuiController could not be found.
Exception Attributes: array (
  'class' => 'JuiController',
  'plugin' => NULL,
)
Request URL: /jui/js/jquery-ui-1.8.20.min.js
Stack Trace:
#0 E:\FREELANCE\PHP_www\elearning\app\webroot\index.php(110): Dispatcher->dispatch(Object(CakeRequest), Object(CakeResponse))
#1 {main}
2013-11-13 12:50:48 Error: [MissingControllerException] Controller class JuiController could not be found.
Exception Attributes: array (
  'class' => 'JuiController',
  'plugin' => NULL,
)
Request URL: /jui/js/jquery.ui.timepicker.min.js
Stack Trace:
#0 E:\FREELANCE\PHP_www\elearning\app\webroot\index.php(110): Dispatcher->dispatch(Object(CakeRequest), Object(CakeResponse))
#1 {main}
2013-11-13 12:50:48 Error: [MissingControllerException] Controller class JuiController could not be found.
Exception Attributes: array (
  'class' => 'JuiController',
  'plugin' => NULL,
)
Request URL: /jui/css/jquery.ui.all.css
Stack Trace:
#0 E:\FREELANCE\PHP_www\elearning\app\webroot\index.php(110): Dispatcher->dispatch(Object(CakeRequest), Object(CakeResponse))
#1 {main}
2013-11-13 12:50:49 Error: [MissingControllerException] Controller class JsController could not be found.
Exception Attributes: array (
  'class' => 'JsController',
  'plugin' => NULL,
)
Request URL: /js/organizer/add.js
Stack Trace:
#0 E:\FREELANCE\PHP_www\elearning\app\webroot\index.php(110): Dispatcher->dispatch(Object(CakeRequest), Object(CakeResponse))
#1 {main}
2013-11-13 12:50:49 Error: [MissingControllerException] Controller class JsController could not be found.
Exception Attributes: array (
  'class' => 'JsController',
  'plugin' => NULL,
)
Request URL: /js/organizer/loadState.js
Stack Trace:
#0 E:\FREELANCE\PHP_www\elearning\app\webroot\index.php(110): Dispatcher->dispatch(Object(CakeRequest), Object(CakeResponse))
#1 {main}
2013-11-13 12:52:30 Error: [MissingControllerException] Controller class JuiController could not be found.
Exception Attributes: array (
  'class' => 'JuiController',
  'plugin' => NULL,
)
Request URL: /jui/css/jquery.ui.all.css
Stack Trace:
#0 E:\FREELANCE\PHP_www\elearning\app\webroot\index.php(110): Dispatcher->dispatch(Object(CakeRequest), Object(CakeResponse))
#1 {main}
2013-11-13 12:52:31 Error: [MissingControllerException] Controller class JsController could not be found.
Exception Attributes: array (
  'class' => 'JsController',
  'plugin' => NULL,
)
Request URL: /js/organizer/add.js
Stack Trace:
#0 E:\FREELANCE\PHP_www\elearning\app\webroot\index.php(110): Dispatcher->dispatch(Object(CakeRequest), Object(CakeResponse))
#1 {main}
2013-11-13 12:52:31 Error: [MissingControllerException] Controller class JuiController could not be found.
Exception Attributes: array (
  'class' => 'JuiController',
  'plugin' => NULL,
)
Request URL: /jui/js/jquery.ui.timepicker.min.js
Stack Trace:
#0 E:\FREELANCE\PHP_www\elearning\app\webroot\index.php(110): Dispatcher->dispatch(Object(CakeRequest), Object(CakeResponse))
#1 {main}
2013-11-13 12:52:31 Error: [MissingControllerException] Controller class JsController could not be found.
Exception Attributes: array (
  'class' => 'JsController',
  'plugin' => NULL,
)
Request URL: /js/organizer/loadState.js
Stack Trace:
#0 E:\FREELANCE\PHP_www\elearning\app\webroot\index.php(110): Dispatcher->dispatch(Object(CakeRequest), Object(CakeResponse))
#1 {main}
2013-11-13 12:52:31 Error: [MissingControllerException] Controller class JuiController could not be found.
Exception Attributes: array (
  'class' => 'JuiController',
  'plugin' => NULL,
)
Request URL: /jui/js/jquery-ui-1.8.20.min.js
Stack Trace:
#0 E:\FREELANCE\PHP_www\elearning\app\webroot\index.php(110): Dispatcher->dispatch(Object(CakeRequest), Object(CakeResponse))
#1 {main}
2013-11-13 12:52:31 Error: [MissingControllerException] Controller class JuiController could not be found.
Exception Attributes: array (
  'class' => 'JuiController',
  'plugin' => NULL,
)
Request URL: /jui/js/jquery.ui.timepicker.min.js
Stack Trace:
#0 E:\FREELANCE\PHP_www\elearning\app\webroot\index.php(110): Dispatcher->dispatch(Object(CakeRequest), Object(CakeResponse))
#1 {main}
2013-11-13 12:52:32 Error: [MissingControllerException] Controller class JuiController could not be found.
Exception Attributes: array (
  'class' => 'JuiController',
  'plugin' => NULL,
)
Request URL: /jui/css/jquery.ui.all.css
Stack Trace:
#0 E:\FREELANCE\PHP_www\elearning\app\webroot\index.php(110): Dispatcher->dispatch(Object(CakeRequest), Object(CakeResponse))
#1 {main}
2013-11-13 12:52:32 Error: [MissingControllerException] Controller class JsController could not be found.
Exception Attributes: array (
  'class' => 'JsController',
  'plugin' => NULL,
)
Request URL: /js/organizer/add.js
Stack Trace:
#0 E:\FREELANCE\PHP_www\elearning\app\webroot\index.php(110): Dispatcher->dispatch(Object(CakeRequest), Object(CakeResponse))
#1 {main}
2013-11-13 12:52:33 Error: [MissingControllerException] Controller class JsController could not be found.
Exception Attributes: array (
  'class' => 'JsController',
  'plugin' => NULL,
)
Request URL: /js/organizer/loadState.js
Stack Trace:
#0 E:\FREELANCE\PHP_www\elearning\app\webroot\index.php(110): Dispatcher->dispatch(Object(CakeRequest), Object(CakeResponse))
#1 {main}
2013-11-13 12:54:45 Error: [MissingControllerException] Controller class JuiController could not be found.
Exception Attributes: array (
  'class' => 'JuiController',
  'plugin' => NULL,
)
Request URL: /jui/css/jquery.ui.all.css
Stack Trace:
#0 E:\FREELANCE\PHP_www\elearning\app\webroot\index.php(110): Dispatcher->dispatch(Object(CakeRequest), Object(CakeResponse))
#1 {main}
2013-11-13 12:54:45 Error: [MissingControllerException] Controller class JuiController could not be found.
Exception Attributes: array (
  'class' => 'JuiController',
  'plugin' => NULL,
)
Request URL: /jui/js/jquery-ui-1.8.20.min.js
Stack Trace:
#0 E:\FREELANCE\PHP_www\elearning\app\webroot\index.php(110): Dispatcher->dispatch(Object(CakeRequest), Object(CakeResponse))
#1 {main}
2013-11-13 12:54:45 Error: [MissingControllerException] Controller class JsController could not be found.
Exception Attributes: array (
  'class' => 'JsController',
  'plugin' => NULL,
)
Request URL: /js/organizer/loadState.js
Stack Trace:
#0 E:\FREELANCE\PHP_www\elearning\app\webroot\index.php(110): Dispatcher->dispatch(Object(CakeRequest), Object(CakeResponse))
#1 {main}
2013-11-13 12:54:45 Error: [MissingControllerException] Controller class JuiController could not be found.
Exception Attributes: array (
  'class' => 'JuiController',
  'plugin' => NULL,
)
Request URL: /jui/js/jquery.ui.timepicker.min.js
Stack Trace:
#0 E:\FREELANCE\PHP_www\elearning\app\webroot\index.php(110): Dispatcher->dispatch(Object(CakeRequest), Object(CakeResponse))
#1 {main}
2013-11-13 12:54:45 Error: [MissingControllerException] Controller class JsController could not be found.
Exception Attributes: array (
  'class' => 'JsController',
  'plugin' => NULL,
)
Request URL: /js/organizer/add.js
Stack Trace:
#0 E:\FREELANCE\PHP_www\elearning\app\webroot\index.php(110): Dispatcher->dispatch(Object(CakeRequest), Object(CakeResponse))
#1 {main}
2013-11-13 12:54:46 Error: [MissingControllerException] Controller class JuiController could not be found.
Exception Attributes: array (
  'class' => 'JuiController',
  'plugin' => NULL,
)
Request URL: /jui/js/jquery-ui-1.8.20.min.js
Stack Trace:
#0 E:\FREELANCE\PHP_www\elearning\app\webroot\index.php(110): Dispatcher->dispatch(Object(CakeRequest), Object(CakeResponse))
#1 {main}
2013-11-13 12:54:46 Error: [MissingControllerException] Controller class JuiController could not be found.
Exception Attributes: array (
  'class' => 'JuiController',
  'plugin' => NULL,
)
Request URL: /jui/js/jquery.ui.timepicker.min.js
Stack Trace:
#0 E:\FREELANCE\PHP_www\elearning\app\webroot\index.php(110): Dispatcher->dispatch(Object(CakeRequest), Object(CakeResponse))
#1 {main}
2013-11-13 12:54:46 Error: [MissingControllerException] Controller class JuiController could not be found.
Exception Attributes: array (
  'class' => 'JuiController',
  'plugin' => NULL,
)
Request URL: /jui/css/jquery.ui.all.css
Stack Trace:
#0 E:\FREELANCE\PHP_www\elearning\app\webroot\index.php(110): Dispatcher->dispatch(Object(CakeRequest), Object(CakeResponse))
#1 {main}
2013-11-13 12:54:47 Error: [MissingControllerException] Controller class JsController could not be found.
Exception Attributes: array (
  'class' => 'JsController',
  'plugin' => NULL,
)
Request URL: /js/organizer/add.js
Stack Trace:
#0 E:\FREELANCE\PHP_www\elearning\app\webroot\index.php(110): Dispatcher->dispatch(Object(CakeRequest), Object(CakeResponse))
#1 {main}
2013-11-13 12:54:48 Error: [MissingControllerException] Controller class JsController could not be found.
Exception Attributes: array (
  'class' => 'JsController',
  'plugin' => NULL,
)
Request URL: /js/organizer/loadState.js
Stack Trace:
#0 E:\FREELANCE\PHP_www\elearning\app\webroot\index.php(110): Dispatcher->dispatch(Object(CakeRequest), Object(CakeResponse))
#1 {main}
2013-11-13 12:58:06 Error: [MissingControllerException] Controller class JuiController could not be found.
Exception Attributes: array (
  'class' => 'JuiController',
  'plugin' => NULL,
)
Request URL: /jui/css/jquery.ui.all.css
Stack Trace:
#0 E:\FREELANCE\PHP_www\elearning\app\webroot\index.php(110): Dispatcher->dispatch(Object(CakeRequest), Object(CakeResponse))
#1 {main}
2013-11-13 12:58:06 Error: [MissingControllerException] Controller class JuiController could not be found.
Exception Attributes: array (
  'class' => 'JuiController',
  'plugin' => NULL,
)
Request URL: /jui/js/jquery-ui-1.8.20.min.js
Stack Trace:
#0 E:\FREELANCE\PHP_www\elearning\app\webroot\index.php(110): Dispatcher->dispatch(Object(CakeRequest), Object(CakeResponse))
#1 {main}
2013-11-13 12:58:06 Error: [MissingControllerException] Controller class JsController could not be found.
Exception Attributes: array (
  'class' => 'JsController',
  'plugin' => NULL,
)
Request URL: /js/organizer/add.js
Stack Trace:
#0 E:\FREELANCE\PHP_www\elearning\app\webroot\index.php(110): Dispatcher->dispatch(Object(CakeRequest), Object(CakeResponse))
#1 {main}
2013-11-13 12:58:06 Error: [MissingControllerException] Controller class JuiController could not be found.
Exception Attributes: array (
  'class' => 'JuiController',
  'plugin' => NULL,
)
Request URL: /jui/js/jquery.ui.timepicker.min.js
Stack Trace:
#0 E:\FREELANCE\PHP_www\elearning\app\webroot\index.php(110): Dispatcher->dispatch(Object(CakeRequest), Object(CakeResponse))
#1 {main}
2013-11-13 12:58:06 Error: [MissingControllerException] Controller class JsController could not be found.
Exception Attributes: array (
  'class' => 'JsController',
  'plugin' => NULL,
)
Request URL: /js/organizer/loadState.js
Stack Trace:
#0 E:\FREELANCE\PHP_www\elearning\app\webroot\index.php(110): Dispatcher->dispatch(Object(CakeRequest), Object(CakeResponse))
#1 {main}
2013-11-13 12:58:07 Error: [MissingControllerException] Controller class JuiController could not be found.
Exception Attributes: array (
  'class' => 'JuiController',
  'plugin' => NULL,
)
Request URL: /jui/js/jquery-ui-1.8.20.min.js
Stack Trace:
#0 E:\FREELANCE\PHP_www\elearning\app\webroot\index.php(110): Dispatcher->dispatch(Object(CakeRequest), Object(CakeResponse))
#1 {main}
2013-11-13 12:58:08 Error: [MissingControllerException] Controller class JuiController could not be found.
Exception Attributes: array (
  'class' => 'JuiController',
  'plugin' => NULL,
)
Request URL: /jui/js/jquery.ui.timepicker.min.js
Stack Trace:
#0 E:\FREELANCE\PHP_www\elearning\app\webroot\index.php(110): Dispatcher->dispatch(Object(CakeRequest), Object(CakeResponse))
#1 {main}
2013-11-13 12:58:08 Error: [MissingControllerException] Controller class JuiController could not be found.
Exception Attributes: array (
  'class' => 'JuiController',
  'plugin' => NULL,
)
Request URL: /jui/css/jquery.ui.all.css
Stack Trace:
#0 E:\FREELANCE\PHP_www\elearning\app\webroot\index.php(110): Dispatcher->dispatch(Object(CakeRequest), Object(CakeResponse))
#1 {main}
2013-11-13 12:58:09 Error: [MissingControllerException] Controller class JsController could not be found.
Exception Attributes: array (
  'class' => 'JsController',
  'plugin' => NULL,
)
Request URL: /js/organizer/add.js
Stack Trace:
#0 E:\FREELANCE\PHP_www\elearning\app\webroot\index.php(110): Dispatcher->dispatch(Object(CakeRequest), Object(CakeResponse))
#1 {main}
2013-11-13 12:58:10 Error: [MissingControllerException] Controller class JsController could not be found.
Exception Attributes: array (
  'class' => 'JsController',
  'plugin' => NULL,
)
Request URL: /js/organizer/loadState.js
Stack Trace:
#0 E:\FREELANCE\PHP_www\elearning\app\webroot\index.php(110): Dispatcher->dispatch(Object(CakeRequest), Object(CakeResponse))
#1 {main}
2013-11-13 13:00:35 Error: [MissingControllerException] Controller class JuiController could not be found.
Exception Attributes: array (
  'class' => 'JuiController',
  'plugin' => NULL,
)
Request URL: /jui/css/jquery.ui.all.css
Stack Trace:
#0 E:\FREELANCE\PHP_www\elearning\app\webroot\index.php(110): Dispatcher->dispatch(Object(CakeRequest), Object(CakeResponse))
#1 {main}
2013-11-13 13:00:36 Error: [MissingControllerException] Controller class JsController could not be found.
Exception Attributes: array (
  'class' => 'JsController',
  'plugin' => NULL,
)
Request URL: /js/organizer/loadState.js
Stack Trace:
#0 E:\FREELANCE\PHP_www\elearning\app\webroot\index.php(110): Dispatcher->dispatch(Object(CakeRequest), Object(CakeResponse))
#1 {main}
2013-11-13 13:00:36 Error: [MissingControllerException] Controller class JsController could not be found.
Exception Attributes: array (
  'class' => 'JsController',
  'plugin' => NULL,
)
Request URL: /js/organizer/add.js
Stack Trace:
#0 E:\FREELANCE\PHP_www\elearning\app\webroot\index.php(110): Dispatcher->dispatch(Object(CakeRequest), Object(CakeResponse))
#1 {main}
2013-11-13 13:00:36 Error: [MissingControllerException] Controller class JuiController could not be found.
Exception Attributes: array (
  'class' => 'JuiController',
  'plugin' => NULL,
)
Request URL: /jui/js/jquery.ui.timepicker.min.js
Stack Trace:
#0 E:\FREELANCE\PHP_www\elearning\app\webroot\index.php(110): Dispatcher->dispatch(Object(CakeRequest), Object(CakeResponse))
#1 {main}
2013-11-13 13:00:36 Error: [MissingControllerException] Controller class JuiController could not be found.
Exception Attributes: array (
  'class' => 'JuiController',
  'plugin' => NULL,
)
Request URL: /jui/js/jquery-ui-1.8.20.min.js
Stack Trace:
#0 E:\FREELANCE\PHP_www\elearning\app\webroot\index.php(110): Dispatcher->dispatch(Object(CakeRequest), Object(CakeResponse))
#1 {main}
2013-11-13 13:00:37 Error: [MissingControllerException] Controller class JuiController could not be found.
Exception Attributes: array (
  'class' => 'JuiController',
  'plugin' => NULL,
)
Request URL: /jui/js/jquery-ui-1.8.20.min.js
Stack Trace:
#0 E:\FREELANCE\PHP_www\elearning\app\webroot\index.php(110): Dispatcher->dispatch(Object(CakeRequest), Object(CakeResponse))
#1 {main}
2013-11-13 13:00:37 Error: [MissingControllerException] Controller class JuiController could not be found.
Exception Attributes: array (
  'class' => 'JuiController',
  'plugin' => NULL,
)
Request URL: /jui/js/jquery.ui.timepicker.min.js
Stack Trace:
#0 E:\FREELANCE\PHP_www\elearning\app\webroot\index.php(110): Dispatcher->dispatch(Object(CakeRequest), Object(CakeResponse))
#1 {main}
2013-11-13 13:00:37 Error: [MissingControllerException] Controller class JuiController could not be found.
Exception Attributes: array (
  'class' => 'JuiController',
  'plugin' => NULL,
)
Request URL: /jui/css/jquery.ui.all.css
Stack Trace:
#0 E:\FREELANCE\PHP_www\elearning\app\webroot\index.php(110): Dispatcher->dispatch(Object(CakeRequest), Object(CakeResponse))
#1 {main}
2013-11-13 13:00:37 Error: [MissingControllerException] Controller class JsController could not be found.
Exception Attributes: array (
  'class' => 'JsController',
  'plugin' => NULL,
)
Request URL: /js/organizer/add.js
Stack Trace:
#0 E:\FREELANCE\PHP_www\elearning\app\webroot\index.php(110): Dispatcher->dispatch(Object(CakeRequest), Object(CakeResponse))
#1 {main}
2013-11-13 13:00:38 Error: [MissingControllerException] Controller class JsController could not be found.
Exception Attributes: array (
  'class' => 'JsController',
  'plugin' => NULL,
)
Request URL: /js/organizer/loadState.js
Stack Trace:
#0 E:\FREELANCE\PHP_www\elearning\app\webroot\index.php(110): Dispatcher->dispatch(Object(CakeRequest), Object(CakeResponse))
#1 {main}
2013-11-13 13:03:03 Error: [MissingControllerException] Controller class JuiController could not be found.
Exception Attributes: array (
  'class' => 'JuiController',
  'plugin' => NULL,
)
Request URL: /jui/js/jquery-ui-1.8.20.min.js
Stack Trace:
#0 E:\FREELANCE\PHP_www\elearning\app\webroot\index.php(110): Dispatcher->dispatch(Object(CakeRequest), Object(CakeResponse))
#1 {main}
2013-11-13 13:03:03 Error: [MissingControllerException] Controller class JuiController could not be found.
Exception Attributes: array (
  'class' => 'JuiController',
  'plugin' => NULL,
)
Request URL: /jui/css/jquery.ui.all.css
Stack Trace:
#0 E:\FREELANCE\PHP_www\elearning\app\webroot\index.php(110): Dispatcher->dispatch(Object(CakeRequest), Object(CakeResponse))
#1 {main}
2013-11-13 13:03:03 Error: [MissingControllerException] Controller class JuiController could not be found.
Exception Attributes: array (
  'class' => 'JuiController',
  'plugin' => NULL,
)
Request URL: /jui/js/jquery.ui.timepicker.min.js
Stack Trace:
#0 E:\FREELANCE\PHP_www\elearning\app\webroot\index.php(110): Dispatcher->dispatch(Object(CakeRequest), Object(CakeResponse))
#1 {main}
2013-11-13 13:03:04 Error: [MissingControllerException] Controller class JsController could not be found.
Exception Attributes: array (
  'class' => 'JsController',
  'plugin' => NULL,
)
Request URL: /js/organizer/add.js
Stack Trace:
#0 E:\FREELANCE\PHP_www\elearning\app\webroot\index.php(110): Dispatcher->dispatch(Object(CakeRequest), Object(CakeResponse))
#1 {main}
2013-11-13 13:03:04 Error: [MissingControllerException] Controller class JsController could not be found.
Exception Attributes: array (
  'class' => 'JsController',
  'plugin' => NULL,
)
Request URL: /js/organizer/loadState.js
Stack Trace:
#0 E:\FREELANCE\PHP_www\elearning\app\webroot\index.php(110): Dispatcher->dispatch(Object(CakeRequest), Object(CakeResponse))
#1 {main}
2013-11-13 13:03:04 Error: [MissingControllerException] Controller class JuiController could not be found.
Exception Attributes: array (
  'class' => 'JuiController',
  'plugin' => NULL,
)
Request URL: /jui/js/jquery-ui-1.8.20.min.js
Stack Trace:
#0 E:\FREELANCE\PHP_www\elearning\app\webroot\index.php(110): Dispatcher->dispatch(Object(CakeRequest), Object(CakeResponse))
#1 {main}
2013-11-13 13:03:04 Error: [MissingControllerException] Controller class JuiController could not be found.
Exception Attributes: array (
  'class' => 'JuiController',
  'plugin' => NULL,
)
Request URL: /jui/js/jquery.ui.timepicker.min.js
Stack Trace:
#0 E:\FREELANCE\PHP_www\elearning\app\webroot\index.php(110): Dispatcher->dispatch(Object(CakeRequest), Object(CakeResponse))
#1 {main}
2013-11-13 13:03:05 Error: [MissingControllerException] Controller class JuiController could not be found.
Exception Attributes: array (
  'class' => 'JuiController',
  'plugin' => NULL,
)
Request URL: /jui/css/jquery.ui.all.css
Stack Trace:
#0 E:\FREELANCE\PHP_www\elearning\app\webroot\index.php(110): Dispatcher->dispatch(Object(CakeRequest), Object(CakeResponse))
#1 {main}
2013-11-13 13:03:05 Error: [MissingControllerException] Controller class JsController could not be found.
Exception Attributes: array (
  'class' => 'JsController',
  'plugin' => NULL,
)
Request URL: /js/organizer/add.js
Stack Trace:
#0 E:\FREELANCE\PHP_www\elearning\app\webroot\index.php(110): Dispatcher->dispatch(Object(CakeRequest), Object(CakeResponse))
#1 {main}
2013-11-13 13:03:05 Error: [MissingControllerException] Controller class JsController could not be found.
Exception Attributes: array (
  'class' => 'JsController',
  'plugin' => NULL,
)
Request URL: /js/organizer/loadState.js
Stack Trace:
#0 E:\FREELANCE\PHP_www\elearning\app\webroot\index.php(110): Dispatcher->dispatch(Object(CakeRequest), Object(CakeResponse))
#1 {main}
2013-11-13 13:03:50 Error: [MissingControllerException] Controller class JuiController could not be found.
Exception Attributes: array (
  'class' => 'JuiController',
  'plugin' => NULL,
)
Request URL: /jui/js/jquery-ui-1.8.20.min.js
Stack Trace:
#0 E:\FREELANCE\PHP_www\elearning\app\webroot\index.php(110): Dispatcher->dispatch(Object(CakeRequest), Object(CakeResponse))
#1 {main}
2013-11-13 13:03:50 Error: [MissingControllerException] Controller class JuiController could not be found.
Exception Attributes: array (
  'class' => 'JuiController',
  'plugin' => NULL,
)
Request URL: /jui/js/jquery.ui.timepicker.min.js
Stack Trace:
#0 E:\FREELANCE\PHP_www\elearning\app\webroot\index.php(110): Dispatcher->dispatch(Object(CakeRequest), Object(CakeResponse))
#1 {main}
2013-11-13 13:03:50 Error: [MissingControllerException] Controller class JuiController could not be found.
Exception Attributes: array (
  'class' => 'JuiController',
  'plugin' => NULL,
)
Request URL: /jui/css/jquery.ui.all.css
Stack Trace:
#0 E:\FREELANCE\PHP_www\elearning\app\webroot\index.php(110): Dispatcher->dispatch(Object(CakeRequest), Object(CakeResponse))
#1 {main}
2013-11-13 13:03:51 Error: [MissingControllerException] Controller class JsController could not be found.
Exception Attributes: array (
  'class' => 'JsController',
  'plugin' => NULL,
)
Request URL: /js/organizer/loadState.js
Stack Trace:
#0 E:\FREELANCE\PHP_www\elearning\app\webroot\index.php(110): Dispatcher->dispatch(Object(CakeRequest), Object(CakeResponse))
#1 {main}
2013-11-13 13:03:51 Error: [MissingControllerException] Controller class JsController could not be found.
Exception Attributes: array (
  'class' => 'JsController',
  'plugin' => NULL,
)
Request URL: /js/organizer/add.js
Stack Trace:
#0 E:\FREELANCE\PHP_www\elearning\app\webroot\index.php(110): Dispatcher->dispatch(Object(CakeRequest), Object(CakeResponse))
#1 {main}
2013-11-13 13:03:52 Error: [MissingControllerException] Controller class JuiController could not be found.
Exception Attributes: array (
  'class' => 'JuiController',
  'plugin' => NULL,
)
Request URL: /jui/js/jquery-ui-1.8.20.min.js
Stack Trace:
#0 E:\FREELANCE\PHP_www\elearning\app\webroot\index.php(110): Dispatcher->dispatch(Object(CakeRequest), Object(CakeResponse))
#1 {main}
2013-11-13 13:03:52 Error: [MissingControllerException] Controller class JuiController could not be found.
Exception Attributes: array (
  'class' => 'JuiController',
  'plugin' => NULL,
)
Request URL: /jui/js/jquery.ui.timepicker.min.js
Stack Trace:
#0 E:\FREELANCE\PHP_www\elearning\app\webroot\index.php(110): Dispatcher->dispatch(Object(CakeRequest), Object(CakeResponse))
#1 {main}
2013-11-13 13:03:53 Error: [MissingControllerException] Controller class JuiController could not be found.
Exception Attributes: array (
  'class' => 'JuiController',
  'plugin' => NULL,
)
Request URL: /jui/css/jquery.ui.all.css
Stack Trace:
#0 E:\FREELANCE\PHP_www\elearning\app\webroot\index.php(110): Dispatcher->dispatch(Object(CakeRequest), Object(CakeResponse))
#1 {main}
2013-11-13 13:03:53 Error: [MissingControllerException] Controller class JsController could not be found.
Exception Attributes: array (
  'class' => 'JsController',
  'plugin' => NULL,
)
Request URL: /js/organizer/add.js
Stack Trace:
#0 E:\FREELANCE\PHP_www\elearning\app\webroot\index.php(110): Dispatcher->dispatch(Object(CakeRequest), Object(CakeResponse))
#1 {main}
2013-11-13 13:03:53 Error: [MissingControllerException] Controller class JsController could not be found.
Exception Attributes: array (
  'class' => 'JsController',
  'plugin' => NULL,
)
Request URL: /js/organizer/loadState.js
Stack Trace:
#0 E:\FREELANCE\PHP_www\elearning\app\webroot\index.php(110): Dispatcher->dispatch(Object(CakeRequest), Object(CakeResponse))
#1 {main}
2013-11-13 13:09:22 Error: [MissingActionException] Action UsuariosController::admin_edit() could not be found.
Exception Attributes: array (
  'controller' => 'UsuariosController',
  'action' => 'admin_edit',
)
Request URL: /admin/usuarios/edit/1
Stack Trace:
#0 E:\FREELANCE\PHP_www\elearning\lib\Cake\Routing\Dispatcher.php(187): Controller->invokeAction(Object(CakeRequest))
#1 E:\FREELANCE\PHP_www\elearning\lib\Cake\Routing\Dispatcher.php(162): Dispatcher->_invoke(Object(UsuariosController), Object(CakeRequest), Object(CakeResponse))
#2 E:\FREELANCE\PHP_www\elearning\app\webroot\index.php(110): Dispatcher->dispatch(Object(CakeRequest), Object(CakeResponse))
#3 {main}
2013-11-13 14:57:40 Error: [MissingActionException] Action UsuariosController::admin_edit() could not be found.
Exception Attributes: array (
  'controller' => 'UsuariosController',
  'action' => 'admin_edit',
)
Request URL: /admin/usuarios/edit/1
Stack Trace:
#0 E:\FREELANCE\PHP_www\elearning\lib\Cake\Routing\Dispatcher.php(187): Controller->invokeAction(Object(CakeRequest))
#1 E:\FREELANCE\PHP_www\elearning\lib\Cake\Routing\Dispatcher.php(162): Dispatcher->_invoke(Object(UsuariosController), Object(CakeRequest), Object(CakeResponse))
#2 E:\FREELANCE\PHP_www\elearning\app\webroot\index.php(110): Dispatcher->dispatch(Object(CakeRequest), Object(CakeResponse))
#3 {main}
2013-11-13 14:59:11 Error: [MissingControllerException] Controller class JuiController could not be found.
Exception Attributes: array (
  'class' => 'JuiController',
  'plugin' => NULL,
)
Request URL: /jui/js/jquery-ui-1.8.20.min.js
Stack Trace:
#0 E:\FREELANCE\PHP_www\elearning\app\webroot\index.php(110): Dispatcher->dispatch(Object(CakeRequest), Object(CakeResponse))
#1 {main}
2013-11-13 14:59:11 Error: [MissingControllerException] Controller class JuiController could not be found.
Exception Attributes: array (
  'class' => 'JuiController',
  'plugin' => NULL,
)
Request URL: /jui/css/jquery.ui.all.css
Stack Trace:
#0 E:\FREELANCE\PHP_www\elearning\app\webroot\index.php(110): Dispatcher->dispatch(Object(CakeRequest), Object(CakeResponse))
#1 {main}
2013-11-13 14:59:12 Error: [MissingControllerException] Controller class JsController could not be found.
Exception Attributes: array (
  'class' => 'JsController',
  'plugin' => NULL,
)
Request URL: /js/organizer/add.js
Stack Trace:
#0 E:\FREELANCE\PHP_www\elearning\app\webroot\index.php(110): Dispatcher->dispatch(Object(CakeRequest), Object(CakeResponse))
#1 {main}
2013-11-13 14:59:12 Error: [MissingControllerException] Controller class JuiController could not be found.
Exception Attributes: array (
  'class' => 'JuiController',
  'plugin' => NULL,
)
Request URL: /jui/js/jquery.ui.timepicker.min.js
Stack Trace:
#0 E:\FREELANCE\PHP_www\elearning\app\webroot\index.php(110): Dispatcher->dispatch(Object(CakeRequest), Object(CakeResponse))
#1 {main}
2013-11-13 14:59:12 Error: [MissingControllerException] Controller class JsController could not be found.
Exception Attributes: array (
  'class' => 'JsController',
  'plugin' => NULL,
)
Request URL: /js/organizer/loadState.js
Stack Trace:
#0 E:\FREELANCE\PHP_www\elearning\app\webroot\index.php(110): Dispatcher->dispatch(Object(CakeRequest), Object(CakeResponse))
#1 {main}
2013-11-13 14:59:12 Error: [MissingControllerException] Controller class JuiController could not be found.
Exception Attributes: array (
  'class' => 'JuiController',
  'plugin' => NULL,
)
Request URL: /jui/js/jquery-ui-1.8.20.min.js
Stack Trace:
#0 E:\FREELANCE\PHP_www\elearning\app\webroot\index.php(110): Dispatcher->dispatch(Object(CakeRequest), Object(CakeResponse))
#1 {main}
2013-11-13 14:59:12 Error: [MissingControllerException] Controller class JuiController could not be found.
Exception Attributes: array (
  'class' => 'JuiController',
  'plugin' => NULL,
)
Request URL: /jui/js/jquery.ui.timepicker.min.js
Stack Trace:
#0 E:\FREELANCE\PHP_www\elearning\app\webroot\index.php(110): Dispatcher->dispatch(Object(CakeRequest), Object(CakeResponse))
#1 {main}
2013-11-13 14:59:13 Error: [MissingControllerException] Controller class JuiController could not be found.
Exception Attributes: array (
  'class' => 'JuiController',
  'plugin' => NULL,
)
Request URL: /jui/css/jquery.ui.all.css
Stack Trace:
#0 E:\FREELANCE\PHP_www\elearning\app\webroot\index.php(110): Dispatcher->dispatch(Object(CakeRequest), Object(CakeResponse))
#1 {main}
2013-11-13 14:59:13 Error: [MissingControllerException] Controller class JsController could not be found.
Exception Attributes: array (
  'class' => 'JsController',
  'plugin' => NULL,
)
Request URL: /js/organizer/add.js
Stack Trace:
#0 E:\FREELANCE\PHP_www\elearning\app\webroot\index.php(110): Dispatcher->dispatch(Object(CakeRequest), Object(CakeResponse))
#1 {main}
2013-11-13 14:59:13 Error: [MissingControllerException] Controller class JsController could not be found.
Exception Attributes: array (
  'class' => 'JsController',
  'plugin' => NULL,
)
Request URL: /js/organizer/loadState.js
Stack Trace:
#0 E:\FREELANCE\PHP_www\elearning\app\webroot\index.php(110): Dispatcher->dispatch(Object(CakeRequest), Object(CakeResponse))
#1 {main}
2013-11-13 15:10:19 Error: [MissingControllerException] Controller class JuiController could not be found.
Exception Attributes: array (
  'class' => 'JuiController',
  'plugin' => NULL,
)
Request URL: /jui/js/jquery-ui-1.8.20.min.js
Stack Trace:
#0 E:\FREELANCE\PHP_www\elearning\app\webroot\index.php(110): Dispatcher->dispatch(Object(CakeRequest), Object(CakeResponse))
#1 {main}
2013-11-13 15:10:19 Error: [MissingControllerException] Controller class JuiController could not be found.
Exception Attributes: array (
  'class' => 'JuiController',
  'plugin' => NULL,
)
Request URL: /jui/js/jquery.ui.timepicker.min.js
Stack Trace:
#0 E:\FREELANCE\PHP_www\elearning\app\webroot\index.php(110): Dispatcher->dispatch(Object(CakeRequest), Object(CakeResponse))
#1 {main}
2013-11-13 15:10:20 Error: [MissingControllerException] Controller class JuiController could not be found.
Exception Attributes: array (
  'class' => 'JuiController',
  'plugin' => NULL,
)
Request URL: /jui/css/jquery.ui.all.css
Stack Trace:
#0 E:\FREELANCE\PHP_www\elearning\app\webroot\index.php(110): Dispatcher->dispatch(Object(CakeRequest), Object(CakeResponse))
#1 {main}
2013-11-13 15:10:20 Error: [MissingControllerException] Controller class JsController could not be found.
Exception Attributes: array (
  'class' => 'JsController',
  'plugin' => NULL,
)
Request URL: /js/organizer/add.js
Stack Trace:
#0 E:\FREELANCE\PHP_www\elearning\app\webroot\index.php(110): Dispatcher->dispatch(Object(CakeRequest), Object(CakeResponse))
#1 {main}
2013-11-13 15:10:20 Error: [MissingControllerException] Controller class JsController could not be found.
Exception Attributes: array (
  'class' => 'JsController',
  'plugin' => NULL,
)
Request URL: /js/organizer/loadState.js
Stack Trace:
#0 E:\FREELANCE\PHP_www\elearning\app\webroot\index.php(110): Dispatcher->dispatch(Object(CakeRequest), Object(CakeResponse))
#1 {main}
2013-11-13 15:10:20 Error: [MissingControllerException] Controller class JuiController could not be found.
Exception Attributes: array (
  'class' => 'JuiController',
  'plugin' => NULL,
)
Request URL: /jui/js/jquery-ui-1.8.20.min.js
Stack Trace:
#0 E:\FREELANCE\PHP_www\elearning\app\webroot\index.php(110): Dispatcher->dispatch(Object(CakeRequest), Object(CakeResponse))
#1 {main}
2013-11-13 15:10:20 Error: [MissingControllerException] Controller class JuiController could not be found.
Exception Attributes: array (
  'class' => 'JuiController',
  'plugin' => NULL,
)
Request URL: /jui/js/jquery.ui.timepicker.min.js
Stack Trace:
#0 E:\FREELANCE\PHP_www\elearning\app\webroot\index.php(110): Dispatcher->dispatch(Object(CakeRequest), Object(CakeResponse))
#1 {main}
2013-11-13 15:10:21 Error: [MissingControllerException] Controller class JuiController could not be found.
Exception Attributes: array (
  'class' => 'JuiController',
  'plugin' => NULL,
)
Request URL: /jui/css/jquery.ui.all.css
Stack Trace:
#0 E:\FREELANCE\PHP_www\elearning\app\webroot\index.php(110): Dispatcher->dispatch(Object(CakeRequest), Object(CakeResponse))
#1 {main}
2013-11-13 15:10:21 Error: [MissingControllerException] Controller class JsController could not be found.
Exception Attributes: array (
  'class' => 'JsController',
  'plugin' => NULL,
)
Request URL: /js/organizer/add.js
Stack Trace:
#0 E:\FREELANCE\PHP_www\elearning\app\webroot\index.php(110): Dispatcher->dispatch(Object(CakeRequest), Object(CakeResponse))
#1 {main}
2013-11-13 15:10:21 Error: [MissingControllerException] Controller class JsController could not be found.
Exception Attributes: array (
  'class' => 'JsController',
  'plugin' => NULL,
)
Request URL: /js/organizer/loadState.js
Stack Trace:
#0 E:\FREELANCE\PHP_www\elearning\app\webroot\index.php(110): Dispatcher->dispatch(Object(CakeRequest), Object(CakeResponse))
#1 {main}
2013-11-13 15:12:28 Error: [MissingControllerException] Controller class JuiController could not be found.
Exception Attributes: array (
  'class' => 'JuiController',
  'plugin' => NULL,
)
Request URL: /jui/js/jquery-ui-1.8.20.min.js
Stack Trace:
#0 E:\FREELANCE\PHP_www\elearning\app\webroot\index.php(110): Dispatcher->dispatch(Object(CakeRequest), Object(CakeResponse))
#1 {main}
2013-11-13 15:12:28 Error: [MissingControllerException] Controller class JuiController could not be found.
Exception Attributes: array (
  'class' => 'JuiController',
  'plugin' => NULL,
)
Request URL: /jui/js/jquery.ui.timepicker.min.js
Stack Trace:
#0 E:\FREELANCE\PHP_www\elearning\app\webroot\index.php(110): Dispatcher->dispatch(Object(CakeRequest), Object(CakeResponse))
#1 {main}
2013-11-13 15:12:28 Error: [MissingControllerException] Controller class JuiController could not be found.
Exception Attributes: array (
  'class' => 'JuiController',
  'plugin' => NULL,
)
Request URL: /jui/css/jquery.ui.all.css
Stack Trace:
#0 E:\FREELANCE\PHP_www\elearning\app\webroot\index.php(110): Dispatcher->dispatch(Object(CakeRequest), Object(CakeResponse))
#1 {main}
2013-11-13 15:12:28 Error: [MissingControllerException] Controller class JsController could not be found.
Exception Attributes: array (
  'class' => 'JsController',
  'plugin' => NULL,
)
Request URL: /js/organizer/loadState.js
Stack Trace:
#0 E:\FREELANCE\PHP_www\elearning\app\webroot\index.php(110): Dispatcher->dispatch(Object(CakeRequest), Object(CakeResponse))
#1 {main}
2013-11-13 15:12:28 Error: [MissingControllerException] Controller class JsController could not be found.
Exception Attributes: array (
  'class' => 'JsController',
  'plugin' => NULL,
)
Request URL: /js/organizer/add.js
Stack Trace:
#0 E:\FREELANCE\PHP_www\elearning\app\webroot\index.php(110): Dispatcher->dispatch(Object(CakeRequest), Object(CakeResponse))
#1 {main}
2013-11-13 15:12:29 Error: [MissingControllerException] Controller class JuiController could not be found.
Exception Attributes: array (
  'class' => 'JuiController',
  'plugin' => NULL,
)
Request URL: /jui/js/jquery-ui-1.8.20.min.js
Stack Trace:
#0 E:\FREELANCE\PHP_www\elearning\app\webroot\index.php(110): Dispatcher->dispatch(Object(CakeRequest), Object(CakeResponse))
#1 {main}
2013-11-13 15:12:29 Error: [MissingControllerException] Controller class JuiController could not be found.
Exception Attributes: array (
  'class' => 'JuiController',
  'plugin' => NULL,
)
Request URL: /jui/js/jquery.ui.timepicker.min.js
Stack Trace:
#0 E:\FREELANCE\PHP_www\elearning\app\webroot\index.php(110): Dispatcher->dispatch(Object(CakeRequest), Object(CakeResponse))
#1 {main}
2013-11-13 15:12:29 Error: [MissingControllerException] Controller class JuiController could not be found.
Exception Attributes: array (
  'class' => 'JuiController',
  'plugin' => NULL,
)
Request URL: /jui/css/jquery.ui.all.css
Stack Trace:
#0 E:\FREELANCE\PHP_www\elearning\app\webroot\index.php(110): Dispatcher->dispatch(Object(CakeRequest), Object(CakeResponse))
#1 {main}
2013-11-13 15:12:30 Error: [MissingControllerException] Controller class JsController could not be found.
Exception Attributes: array (
  'class' => 'JsController',
  'plugin' => NULL,
)
Request URL: /js/organizer/add.js
Stack Trace:
#0 E:\FREELANCE\PHP_www\elearning\app\webroot\index.php(110): Dispatcher->dispatch(Object(CakeRequest), Object(CakeResponse))
#1 {main}
2013-11-13 15:12:30 Error: [MissingControllerException] Controller class JsController could not be found.
Exception Attributes: array (
  'class' => 'JsController',
  'plugin' => NULL,
)
Request URL: /js/organizer/loadState.js
Stack Trace:
#0 E:\FREELANCE\PHP_www\elearning\app\webroot\index.php(110): Dispatcher->dispatch(Object(CakeRequest), Object(CakeResponse))
#1 {main}
2013-11-13 15:13:12 Error: [MissingControllerException] Controller class ImagesController could not be found.
Exception Attributes: array (
  'class' => 'ImagesController',
  'plugin' => NULL,
)
Request URL: /images/touch-icon-iphone.png
Stack Trace:
#0 E:\FREELANCE\PHP_www\elearning\app\webroot\index.php(110): Dispatcher->dispatch(Object(CakeRequest), Object(CakeResponse))
#1 {main}
2013-11-13 15:13:32 Error: [MissingControllerException] Controller class JuiController could not be found.
Exception Attributes: array (
  'class' => 'JuiController',
  'plugin' => NULL,
)
Request URL: /jui/js/jquery-ui-1.8.20.min.js
Stack Trace:
#0 E:\FREELANCE\PHP_www\elearning\app\webroot\index.php(110): Dispatcher->dispatch(Object(CakeRequest), Object(CakeResponse))
#1 {main}
2013-11-13 15:13:32 Error: [MissingControllerException] Controller class JuiController could not be found.
Exception Attributes: array (
  'class' => 'JuiController',
  'plugin' => NULL,
)
Request URL: /jui/css/jquery.ui.all.css
Stack Trace:
#0 E:\FREELANCE\PHP_www\elearning\app\webroot\index.php(110): Dispatcher->dispatch(Object(CakeRequest), Object(CakeResponse))
#1 {main}
2013-11-13 15:13:32 Error: [MissingControllerException] Controller class JuiController could not be found.
Exception Attributes: array (
  'class' => 'JuiController',
  'plugin' => NULL,
)
Request URL: /jui/js/jquery.ui.timepicker.min.js
Stack Trace:
#0 E:\FREELANCE\PHP_www\elearning\app\webroot\index.php(110): Dispatcher->dispatch(Object(CakeRequest), Object(CakeResponse))
#1 {main}
2013-11-13 15:13:32 Error: [MissingControllerException] Controller class JsController could not be found.
Exception Attributes: array (
  'class' => 'JsController',
  'plugin' => NULL,
)
Request URL: /js/organizer/loadState.js
Stack Trace:
#0 E:\FREELANCE\PHP_www\elearning\app\webroot\index.php(110): Dispatcher->dispatch(Object(CakeRequest), Object(CakeResponse))
#1 {main}
2013-11-13 15:13:32 Error: [MissingControllerException] Controller class JsController could not be found.
Exception Attributes: array (
  'class' => 'JsController',
  'plugin' => NULL,
)
Request URL: /js/organizer/add.js
Stack Trace:
#0 E:\FREELANCE\PHP_www\elearning\app\webroot\index.php(110): Dispatcher->dispatch(Object(CakeRequest), Object(CakeResponse))
#1 {main}
2013-11-13 15:13:33 Error: [MissingControllerException] Controller class JuiController could not be found.
Exception Attributes: array (
  'class' => 'JuiController',
  'plugin' => NULL,
)
Request URL: /jui/js/jquery-ui-1.8.20.min.js
Stack Trace:
#0 E:\FREELANCE\PHP_www\elearning\app\webroot\index.php(110): Dispatcher->dispatch(Object(CakeRequest), Object(CakeResponse))
#1 {main}
2013-11-13 15:13:33 Error: [MissingControllerException] Controller class JuiController could not be found.
Exception Attributes: array (
  'class' => 'JuiController',
  'plugin' => NULL,
)
Request URL: /jui/js/jquery.ui.timepicker.min.js
Stack Trace:
#0 E:\FREELANCE\PHP_www\elearning\app\webroot\index.php(110): Dispatcher->dispatch(Object(CakeRequest), Object(CakeResponse))
#1 {main}
2013-11-13 15:13:33 Error: [MissingControllerException] Controller class JuiController could not be found.
Exception Attributes: array (
  'class' => 'JuiController',
  'plugin' => NULL,
)
Request URL: /jui/css/jquery.ui.all.css
Stack Trace:
#0 E:\FREELANCE\PHP_www\elearning\app\webroot\index.php(110): Dispatcher->dispatch(Object(CakeRequest), Object(CakeResponse))
#1 {main}
2013-11-13 15:13:34 Error: [MissingControllerException] Controller class JsController could not be found.
Exception Attributes: array (
  'class' => 'JsController',
  'plugin' => NULL,
)
Request URL: /js/organizer/add.js
Stack Trace:
#0 E:\FREELANCE\PHP_www\elearning\app\webroot\index.php(110): Dispatcher->dispatch(Object(CakeRequest), Object(CakeResponse))
#1 {main}
2013-11-13 15:13:34 Error: [MissingControllerException] Controller class JsController could not be found.
Exception Attributes: array (
  'class' => 'JsController',
  'plugin' => NULL,
)
Request URL: /js/organizer/loadState.js
Stack Trace:
#0 E:\FREELANCE\PHP_www\elearning\app\webroot\index.php(110): Dispatcher->dispatch(Object(CakeRequest), Object(CakeResponse))
#1 {main}
2013-11-13 15:14:13 Error: [MissingControllerException] Controller class JuiController could not be found.
Exception Attributes: array (
  'class' => 'JuiController',
  'plugin' => NULL,
)
Request URL: /jui/js/jquery-ui-1.8.20.min.js
Stack Trace:
#0 E:\FREELANCE\PHP_www\elearning\app\webroot\index.php(110): Dispatcher->dispatch(Object(CakeRequest), Object(CakeResponse))
#1 {main}
2013-11-13 15:14:13 Error: [MissingControllerException] Controller class JuiController could not be found.
Exception Attributes: array (
  'class' => 'JuiController',
  'plugin' => NULL,
)
Request URL: /jui/js/jquery.ui.timepicker.min.js
Stack Trace:
#0 E:\FREELANCE\PHP_www\elearning\app\webroot\index.php(110): Dispatcher->dispatch(Object(CakeRequest), Object(CakeResponse))
#1 {main}
2013-11-13 15:14:13 Error: [MissingControllerException] Controller class JuiController could not be found.
Exception Attributes: array (
  'class' => 'JuiController',
  'plugin' => NULL,
)
Request URL: /jui/css/jquery.ui.all.css
Stack Trace:
#0 E:\FREELANCE\PHP_www\elearning\app\webroot\index.php(110): Dispatcher->dispatch(Object(CakeRequest), Object(CakeResponse))
#1 {main}
2013-11-13 15:14:14 Error: [MissingControllerException] Controller class JsController could not be found.
Exception Attributes: array (
  'class' => 'JsController',
  'plugin' => NULL,
)
Request URL: /js/organizer/loadState.js
Stack Trace:
#0 E:\FREELANCE\PHP_www\elearning\app\webroot\index.php(110): Dispatcher->dispatch(Object(CakeRequest), Object(CakeResponse))
#1 {main}
2013-11-13 15:14:14 Error: [MissingControllerException] Controller class JsController could not be found.
Exception Attributes: array (
  'class' => 'JsController',
  'plugin' => NULL,
)
Request URL: /js/organizer/add.js
Stack Trace:
#0 E:\FREELANCE\PHP_www\elearning\app\webroot\index.php(110): Dispatcher->dispatch(Object(CakeRequest), Object(CakeResponse))
#1 {main}
2013-11-13 15:14:14 Error: [MissingControllerException] Controller class JuiController could not be found.
Exception Attributes: array (
  'class' => 'JuiController',
  'plugin' => NULL,
)
Request URL: /jui/js/jquery-ui-1.8.20.min.js
Stack Trace:
#0 E:\FREELANCE\PHP_www\elearning\app\webroot\index.php(110): Dispatcher->dispatch(Object(CakeRequest), Object(CakeResponse))
#1 {main}
2013-11-13 15:14:14 Error: [MissingControllerException] Controller class JuiController could not be found.
Exception Attributes: array (
  'class' => 'JuiController',
  'plugin' => NULL,
)
Request URL: /jui/js/jquery.ui.timepicker.min.js
Stack Trace:
#0 E:\FREELANCE\PHP_www\elearning\app\webroot\index.php(110): Dispatcher->dispatch(Object(CakeRequest), Object(CakeResponse))
#1 {main}
2013-11-13 15:14:14 Error: [MissingControllerException] Controller class JuiController could not be found.
Exception Attributes: array (
  'class' => 'JuiController',
  'plugin' => NULL,
)
Request URL: /jui/css/jquery.ui.all.css
Stack Trace:
#0 E:\FREELANCE\PHP_www\elearning\app\webroot\index.php(110): Dispatcher->dispatch(Object(CakeRequest), Object(CakeResponse))
#1 {main}
2013-11-13 15:14:15 Error: [MissingControllerException] Controller class JsController could not be found.
Exception Attributes: array (
  'class' => 'JsController',
  'plugin' => NULL,
)
Request URL: /js/organizer/add.js
Stack Trace:
#0 E:\FREELANCE\PHP_www\elearning\app\webroot\index.php(110): Dispatcher->dispatch(Object(CakeRequest), Object(CakeResponse))
#1 {main}
2013-11-13 15:14:15 Error: [MissingControllerException] Controller class JsController could not be found.
Exception Attributes: array (
  'class' => 'JsController',
  'plugin' => NULL,
)
Request URL: /js/organizer/loadState.js
Stack Trace:
#0 E:\FREELANCE\PHP_www\elearning\app\webroot\index.php(110): Dispatcher->dispatch(Object(CakeRequest), Object(CakeResponse))
#1 {main}
2013-11-13 15:16:14 Error: [MissingControllerException] Controller class JuiController could not be found.
Exception Attributes: array (
  'class' => 'JuiController',
  'plugin' => NULL,
)
Request URL: /jui/js/jquery-ui-1.8.20.min.js
Stack Trace:
#0 E:\FREELANCE\PHP_www\elearning\app\webroot\index.php(110): Dispatcher->dispatch(Object(CakeRequest), Object(CakeResponse))
#1 {main}
2013-11-13 15:16:14 Error: [MissingControllerException] Controller class JuiController could not be found.
Exception Attributes: array (
  'class' => 'JuiController',
  'plugin' => NULL,
)
Request URL: /jui/js/jquery.ui.timepicker.min.js
Stack Trace:
#0 E:\FREELANCE\PHP_www\elearning\app\webroot\index.php(110): Dispatcher->dispatch(Object(CakeRequest), Object(CakeResponse))
#1 {main}
2013-11-13 15:16:14 Error: [MissingControllerException] Controller class JuiController could not be found.
Exception Attributes: array (
  'class' => 'JuiController',
  'plugin' => NULL,
)
Request URL: /jui/css/jquery.ui.all.css
Stack Trace:
#0 E:\FREELANCE\PHP_www\elearning\app\webroot\index.php(110): Dispatcher->dispatch(Object(CakeRequest), Object(CakeResponse))
#1 {main}
2013-11-13 15:16:15 Error: [MissingControllerException] Controller class JsController could not be found.
Exception Attributes: array (
  'class' => 'JsController',
  'plugin' => NULL,
)
Request URL: /js/organizer/loadState.js
Stack Trace:
#0 E:\FREELANCE\PHP_www\elearning\app\webroot\index.php(110): Dispatcher->dispatch(Object(CakeRequest), Object(CakeResponse))
#1 {main}
2013-11-13 15:16:15 Error: [MissingControllerException] Controller class JsController could not be found.
Exception Attributes: array (
  'class' => 'JsController',
  'plugin' => NULL,
)
Request URL: /js/organizer/add.js
Stack Trace:
#0 E:\FREELANCE\PHP_www\elearning\app\webroot\index.php(110): Dispatcher->dispatch(Object(CakeRequest), Object(CakeResponse))
#1 {main}
2013-11-13 15:16:15 Error: [MissingControllerException] Controller class JuiController could not be found.
Exception Attributes: array (
  'class' => 'JuiController',
  'plugin' => NULL,
)
Request URL: /jui/js/jquery-ui-1.8.20.min.js
Stack Trace:
#0 E:\FREELANCE\PHP_www\elearning\app\webroot\index.php(110): Dispatcher->dispatch(Object(CakeRequest), Object(CakeResponse))
#1 {main}
2013-11-13 15:16:15 Error: [MissingControllerException] Controller class JuiController could not be found.
Exception Attributes: array (
  'class' => 'JuiController',
  'plugin' => NULL,
)
Request URL: /jui/js/jquery.ui.timepicker.min.js
Stack Trace:
#0 E:\FREELANCE\PHP_www\elearning\app\webroot\index.php(110): Dispatcher->dispatch(Object(CakeRequest), Object(CakeResponse))
#1 {main}
2013-11-13 15:16:16 Error: [MissingControllerException] Controller class JuiController could not be found.
Exception Attributes: array (
  'class' => 'JuiController',
  'plugin' => NULL,
)
Request URL: /jui/css/jquery.ui.all.css
Stack Trace:
#0 E:\FREELANCE\PHP_www\elearning\app\webroot\index.php(110): Dispatcher->dispatch(Object(CakeRequest), Object(CakeResponse))
#1 {main}
2013-11-13 15:16:16 Error: [MissingControllerException] Controller class JsController could not be found.
Exception Attributes: array (
  'class' => 'JsController',
  'plugin' => NULL,
)
Request URL: /js/organizer/add.js
Stack Trace:
#0 E:\FREELANCE\PHP_www\elearning\app\webroot\index.php(110): Dispatcher->dispatch(Object(CakeRequest), Object(CakeResponse))
#1 {main}
2013-11-13 15:16:16 Error: [MissingControllerException] Controller class JsController could not be found.
Exception Attributes: array (
  'class' => 'JsController',
  'plugin' => NULL,
)
Request URL: /js/organizer/loadState.js
Stack Trace:
#0 E:\FREELANCE\PHP_www\elearning\app\webroot\index.php(110): Dispatcher->dispatch(Object(CakeRequest), Object(CakeResponse))
#1 {main}
2013-11-13 15:17:00 Error: [MissingControllerException] Controller class JuiController could not be found.
Exception Attributes: array (
  'class' => 'JuiController',
  'plugin' => NULL,
)
Request URL: /jui/js/jquery-ui-1.8.20.min.js
Stack Trace:
#0 E:\FREELANCE\PHP_www\elearning\app\webroot\index.php(110): Dispatcher->dispatch(Object(CakeRequest), Object(CakeResponse))
#1 {main}
2013-11-13 15:17:00 Error: [MissingControllerException] Controller class JuiController could not be found.
Exception Attributes: array (
  'class' => 'JuiController',
  'plugin' => NULL,
)
Request URL: /jui/css/jquery.ui.all.css
Stack Trace:
#0 E:\FREELANCE\PHP_www\elearning\app\webroot\index.php(110): Dispatcher->dispatch(Object(CakeRequest), Object(CakeResponse))
#1 {main}
2013-11-13 15:17:00 Error: [MissingControllerException] Controller class JuiController could not be found.
Exception Attributes: array (
  'class' => 'JuiController',
  'plugin' => NULL,
)
Request URL: /jui/js/jquery.ui.timepicker.min.js
Stack Trace:
#0 E:\FREELANCE\PHP_www\elearning\app\webroot\index.php(110): Dispatcher->dispatch(Object(CakeRequest), Object(CakeResponse))
#1 {main}
2013-11-13 15:17:00 Error: [MissingControllerException] Controller class JsController could not be found.
Exception Attributes: array (
  'class' => 'JsController',
  'plugin' => NULL,
)
Request URL: /js/organizer/add.js
Stack Trace:
#0 E:\FREELANCE\PHP_www\elearning\app\webroot\index.php(110): Dispatcher->dispatch(Object(CakeRequest), Object(CakeResponse))
#1 {main}
2013-11-13 15:17:00 Error: [MissingControllerException] Controller class JsController could not be found.
Exception Attributes: array (
  'class' => 'JsController',
  'plugin' => NULL,
)
Request URL: /js/organizer/loadState.js
Stack Trace:
#0 E:\FREELANCE\PHP_www\elearning\app\webroot\index.php(110): Dispatcher->dispatch(Object(CakeRequest), Object(CakeResponse))
#1 {main}
2013-11-13 15:17:01 Error: [MissingControllerException] Controller class JuiController could not be found.
Exception Attributes: array (
  'class' => 'JuiController',
  'plugin' => NULL,
)
Request URL: /jui/js/jquery-ui-1.8.20.min.js
Stack Trace:
#0 E:\FREELANCE\PHP_www\elearning\app\webroot\index.php(110): Dispatcher->dispatch(Object(CakeRequest), Object(CakeResponse))
#1 {main}
2013-11-13 15:17:01 Error: [MissingControllerException] Controller class JuiController could not be found.
Exception Attributes: array (
  'class' => 'JuiController',
  'plugin' => NULL,
)
Request URL: /jui/js/jquery.ui.timepicker.min.js
Stack Trace:
#0 E:\FREELANCE\PHP_www\elearning\app\webroot\index.php(110): Dispatcher->dispatch(Object(CakeRequest), Object(CakeResponse))
#1 {main}
2013-11-13 15:17:01 Error: [MissingControllerException] Controller class JuiController could not be found.
Exception Attributes: array (
  'class' => 'JuiController',
  'plugin' => NULL,
)
Request URL: /jui/css/jquery.ui.all.css
Stack Trace:
#0 E:\FREELANCE\PHP_www\elearning\app\webroot\index.php(110): Dispatcher->dispatch(Object(CakeRequest), Object(CakeResponse))
#1 {main}
2013-11-13 15:17:02 Error: [MissingControllerException] Controller class JsController could not be found.
Exception Attributes: array (
  'class' => 'JsController',
  'plugin' => NULL,
)
Request URL: /js/organizer/add.js
Stack Trace:
#0 E:\FREELANCE\PHP_www\elearning\app\webroot\index.php(110): Dispatcher->dispatch(Object(CakeRequest), Object(CakeResponse))
#1 {main}
2013-11-13 15:17:03 Error: [MissingControllerException] Controller class JsController could not be found.
Exception Attributes: array (
  'class' => 'JsController',
  'plugin' => NULL,
)
Request URL: /js/organizer/loadState.js
Stack Trace:
#0 E:\FREELANCE\PHP_www\elearning\app\webroot\index.php(110): Dispatcher->dispatch(Object(CakeRequest), Object(CakeResponse))
#1 {main}
2013-11-13 15:20:55 Error: [MissingActionException] Action UsuariosController::admin_delete() could not be found.
Exception Attributes: array (
  'controller' => 'UsuariosController',
  'action' => 'admin_delete',
)
Request URL: /admin/usuarios/delete/1
Stack Trace:
#0 E:\FREELANCE\PHP_www\elearning\lib\Cake\Routing\Dispatcher.php(187): Controller->invokeAction(Object(CakeRequest))
#1 E:\FREELANCE\PHP_www\elearning\lib\Cake\Routing\Dispatcher.php(162): Dispatcher->_invoke(Object(UsuariosController), Object(CakeRequest), Object(CakeResponse))
#2 E:\FREELANCE\PHP_www\elearning\app\webroot\index.php(110): Dispatcher->dispatch(Object(CakeRequest), Object(CakeResponse))
#3 {main}
2013-11-13 15:28:32 Error: [MissingControllerException] Controller class ImagesController could not be found.
Exception Attributes: array (
  'class' => 'ImagesController',
  'plugin' => NULL,
)
Request URL: /images/message-success.png
Stack Trace:
#0 E:\FREELANCE\PHP_www\elearning\app\webroot\index.php(110): Dispatcher->dispatch(Object(CakeRequest), Object(CakeResponse))
#1 {main}
